<?xml version="1.0" encoding="UTF-8"?>
<coverage generated="1779251738229" clover="3.2.0">
  <project timestamp="1779251738229" name="All files">
    <metrics statements="453" coveredstatements="380" conditionals="165" coveredconditionals="124" methods="50" coveredmethods="42" elements="668" coveredelements="546" complexity="0" loc="453" ncloc="453" packages="4" files="19" classes="19"/>
    <package name="src">
      <metrics statements="22" coveredstatements="22" conditionals="0" coveredconditionals="0" methods="0" coveredmethods="0"/>
      <file name="app.ts" path="C:\Users\untea\Desktop\MPP\happening-app\backend\src\app.ts">
        <metrics statements="22" coveredstatements="22" conditionals="0" coveredconditionals="0" methods="0" coveredmethods="0"/>
        <line num="1" count="6" type="stmt"/>
        <line num="2" count="6" type="stmt"/>
        <line num="3" count="6" type="stmt"/>
        <line num="4" count="6" type="stmt"/>
        <line num="5" count="6" type="stmt"/>
        <line num="6" count="6" type="stmt"/>
        <line num="7" count="6" type="stmt"/>
        <line num="8" count="6" type="stmt"/>
        <line num="9" count="6" type="stmt"/>
        <line num="10" count="6" type="stmt"/>
        <line num="12" count="6" type="stmt"/>
        <line num="14" count="6" type="stmt"/>
        <line num="15" count="6" type="stmt"/>
        <line num="17" count="6" type="stmt"/>
        <line num="18" count="6" type="stmt"/>
        <line num="19" count="6" type="stmt"/>
        <line num="20" count="6" type="stmt"/>
        <line num="21" count="6" type="stmt"/>
        <line num="22" count="6" type="stmt"/>
        <line num="23" count="6" type="stmt"/>
        <line num="24" count="6" type="stmt"/>
        <line num="26" count="6" type="stmt"/>
      </file>
    </package>
    <package name="src.controllers">
      <metrics statements="319" coveredstatements="246" conditionals="109" coveredconditionals="68" methods="48" coveredmethods="40"/>
      <file name="auth.controller.ts" path="C:\Users\untea\Desktop\MPP\happening-app\backend\src\controllers\auth.controller.ts">
        <metrics statements="49" coveredstatements="46" conditionals="19" coveredconditionals="18" methods="8" coveredmethods="8"/>
        <line num="2" count="6" type="stmt"/>
        <line num="3" count="6" type="stmt"/>
        <line num="4" count="6" type="stmt"/>
        <line num="5" count="6" type="stmt"/>
        <line num="7" count="6" type="stmt"/>
        <line num="8" count="8" type="stmt"/>
        <line num="9" count="8" type="stmt"/>
        <line num="11" count="8" type="cond" truecount="4" falsecount="0"/>
        <line num="12" count="1" type="stmt"/>
        <line num="18" count="1" type="stmt"/>
        <line num="23" count="7" type="stmt"/>
        <line num="44" count="7" type="cond" truecount="2" falsecount="0"/>
        <line num="45" count="1" type="stmt"/>
        <line num="51" count="1" type="stmt"/>
        <line num="56" count="6" type="stmt"/>
        <line num="58" count="6" type="cond" truecount="2" falsecount="0"/>
        <line num="59" count="1" type="stmt"/>
        <line num="68" count="1" type="stmt"/>
        <line num="73" count="5" type="stmt"/>
        <line num="75" count="5" type="stmt"/>
        <line num="78" count="5" type="stmt"/>
        <line num="79" count="92" type="stmt"/>
        <line num="85" count="5" type="stmt"/>
        <line num="94" count="5" type="stmt"/>
        <line num="101" count="5" type="stmt"/>
        <line num="112" count="0" type="stmt"/>
        <line num="119" count="6" type="stmt"/>
        <line num="120" count="4" type="stmt"/>
        <line num="121" count="4" type="stmt"/>
        <line num="123" count="4" type="cond" truecount="5" falsecount="0"/>
        <line num="124" count="1" type="stmt"/>
        <line num="129" count="3" type="cond" truecount="2" falsecount="0"/>
        <line num="130" count="1" type="stmt"/>
        <line num="135" count="2" type="stmt"/>
        <line num="141" count="2" type="cond" truecount="2" falsecount="0"/>
        <line num="142" count="1" type="stmt"/>
        <line num="147" count="1" type="stmt"/>
        <line num="153" count="1" type="cond" truecount="1" falsecount="1"/>
        <line num="154" count="0" type="stmt"/>
        <line num="159" count="1" type="stmt"/>
        <line num="161" count="1" type="stmt"/>
        <line num="190" count="1" type="stmt"/>
        <line num="192" count="1" type="stmt"/>
        <line num="195" count="1" type="stmt"/>
        <line num="196" count="10" type="stmt"/>
        <line num="202" count="1" type="stmt"/>
        <line num="211" count="1" type="stmt"/>
        <line num="218" count="1" type="stmt"/>
        <line num="229" count="0" type="stmt"/>
      </file>
      <file name="categories.controller.ts" path="C:\Users\untea\Desktop\MPP\happening-app\backend\src\controllers\categories.controller.ts">
        <metrics statements="33" coveredstatements="28" conditionals="2" coveredconditionals="2" methods="5" coveredmethods="5"/>
        <line num="2" count="6" type="stmt"/>
        <line num="4" count="6" type="stmt"/>
        <line num="5" count="2" type="stmt"/>
        <line num="6" count="2" type="stmt"/>
        <line num="12" count="2" type="stmt"/>
        <line num="14" count="0" type="stmt"/>
        <line num="21" count="6" type="stmt"/>
        <line num="22" count="2" type="stmt"/>
        <line num="23" count="2" type="stmt"/>
        <line num="25" count="2" type="stmt"/>
        <line num="32" count="2" type="cond" truecount="2" falsecount="0"/>
        <line num="33" count="1" type="stmt"/>
        <line num="36" count="1" type="stmt"/>
        <line num="38" count="0" type="stmt"/>
        <line num="45" count="6" type="stmt"/>
        <line num="46" count="3" type="stmt"/>
        <line num="47" count="3" type="stmt"/>
        <line num="49" count="3" type="stmt"/>
        <line num="56" count="3" type="stmt"/>
        <line num="58" count="0" type="stmt"/>
        <line num="65" count="6" type="stmt"/>
        <line num="66" count="1" type="stmt"/>
        <line num="67" count="1" type="stmt"/>
        <line num="68" count="1" type="stmt"/>
        <line num="70" count="1" type="stmt"/>
        <line num="78" count="1" type="stmt"/>
        <line num="80" count="0" type="stmt"/>
        <line num="87" count="6" type="stmt"/>
        <line num="88" count="1" type="stmt"/>
        <line num="89" count="1" type="stmt"/>
        <line num="91" count="1" type="stmt"/>
        <line num="95" count="1" type="stmt"/>
        <line num="99" count="0" type="stmt"/>
      </file>
      <file name="chat.controller.ts" path="C:\Users\untea\Desktop\MPP\happening-app\backend\src\controllers\chat.controller.ts">
        <metrics statements="22" coveredstatements="5" conditionals="8" coveredconditionals="0" methods="4" coveredmethods="0"/>
        <line num="2" count="6" type="stmt"/>
        <line num="3" count="6" type="stmt"/>
        <line num="4" count="6" type="stmt"/>
        <line num="7" count="0" type="cond" truecount="0" falsecount="2"/>
        <line num="10" count="6" type="stmt"/>
        <line num="11" count="0" type="stmt"/>
        <line num="12" count="0" type="cond" truecount="0" falsecount="2"/>
        <line num="13" count="0" type="cond" truecount="0" falsecount="2"/>
        <line num="15" count="0" type="stmt"/>
        <line num="20" count="0" type="stmt"/>
        <line num="22" count="0" type="stmt"/>
        <line num="31" count="0" type="stmt"/>
        <line num="33" count="0" type="stmt"/>
        <line num="40" count="6" type="stmt"/>
        <line num="41" count="0" type="stmt"/>
        <line num="42" count="0" type="cond" truecount="0" falsecount="2"/>
        <line num="44" count="0" type="stmt"/>
        <line num="48" count="0" type="stmt"/>
        <line num="50" count="0" type="stmt"/>
        <line num="59" count="0" type="stmt"/>
        <line num="63" count="0" type="stmt"/>
        <line num="67" count="0" type="stmt"/>
      </file>
      <file name="comments.controller.ts" path="C:\Users\untea\Desktop\MPP\happening-app\backend\src\controllers\comments.controller.ts">
        <metrics statements="44" coveredstatements="40" conditionals="14" coveredconditionals="11" methods="5" coveredmethods="5"/>
        <line num="2" count="6" type="stmt"/>
        <line num="4" count="6" type="stmt"/>
        <line num="5" count="6" type="stmt"/>
        <line num="6" count="6" type="stmt"/>
        <line num="9" count="4" type="stmt"/>
        <line num="19" count="5" type="cond" truecount="1" falsecount="1"/>
        <line num="22" count="6" type="stmt"/>
        <line num="23" count="2" type="stmt"/>
        <line num="24" count="2" type="stmt"/>
        <line num="26" count="2" type="stmt"/>
        <line num="30" count="2" type="cond" truecount="2" falsecount="0"/>
        <line num="31" count="1" type="stmt"/>
        <line num="34" count="1" type="stmt"/>
        <line num="46" count="1" type="stmt"/>
        <line num="48" count="0" type="stmt"/>
        <line num="55" count="6" type="stmt"/>
        <line num="56" count="4" type="stmt"/>
        <line num="57" count="4" type="stmt"/>
        <line num="59" count="4" type="cond" truecount="1" falsecount="1"/>
        <line num="60" count="0" type="stmt"/>
        <line num="65" count="4" type="stmt"/>
        <line num="67" count="4" type="stmt"/>
        <line num="69" count="4" type="cond" truecount="2" falsecount="0"/>
        <line num="70" count="1" type="stmt"/>
        <line num="73" count="3" type="stmt"/>
        <line num="79" count="3" type="cond" truecount="2" falsecount="0"/>
        <line num="80" count="1" type="stmt"/>
        <line num="83" count="2" type="stmt"/>
        <line num="94" count="2" type="stmt"/>
        <line num="103" count="2" type="stmt"/>
        <line num="105" count="0" type="stmt"/>
        <line num="112" count="6" type="stmt"/>
        <line num="113" count="2" type="stmt"/>
        <line num="114" count="2" type="stmt"/>
        <line num="116" count="2" type="stmt"/>
        <line num="122" count="2" type="cond" truecount="2" falsecount="0"/>
        <line num="123" count="1" type="stmt"/>
        <line num="126" count="1" type="stmt"/>
        <line num="132" count="1" type="stmt"/>
        <line num="134" count="1" type="stmt"/>
        <line num="143" count="1" type="cond" truecount="1" falsecount="1"/>
        <line num="144" count="1" type="stmt"/>
        <line num="147" count="1" type="stmt"/>
        <line num="149" count="0" type="stmt"/>
      </file>
      <file name="events.controller.ts" path="C:\Users\untea\Desktop\MPP\happening-app\backend\src\controllers\events.controller.ts">
        <metrics statements="103" coveredstatements="91" conditionals="56" coveredconditionals="37" methods="12" coveredmethods="12"/>
        <line num="2" count="6" type="stmt"/>
        <line num="4" count="6" type="stmt"/>
        <line num="5" count="6" type="stmt"/>
        <line num="6" count="6" type="stmt"/>
        <line num="9" count="13" type="stmt"/>
        <line num="10" count="13" type="stmt"/>
        <line num="11" count="13" type="stmt"/>
        <line num="13" count="13" type="stmt"/>
        <line num="17" count="2" type="cond" truecount="1" falsecount="1"/>
        <line num="18" count="2" type="stmt"/>
        <line num="19" count="2" type="stmt"/>
        <line num="22" count="0" type="stmt"/>
        <line num="26" count="13" type="cond" truecount="2" falsecount="0"/>
        <line num="27" count="5" type="stmt"/>
        <line num="30" count="8" type="stmt"/>
        <line num="34" count="4" type="cond" truecount="1" falsecount="1"/>
        <line num="35" count="0" type="stmt"/>
        <line num="38" count="4" type="cond" truecount="1" falsecount="1"/>
        <line num="39" count="0" type="stmt"/>
        <line num="42" count="4" type="cond" truecount="2" falsecount="0"/>
        <line num="43" count="1" type="stmt"/>
        <line num="46" count="3" type="stmt"/>
        <line num="47" count="3" type="stmt"/>
        <line num="51" count="2" type="stmt"/>
        <line num="61" count="13" type="stmt"/>
        <line num="74" count="5" type="cond" truecount="1" falsecount="1"/>
        <line num="77" count="6" type="stmt"/>
        <line num="78" count="1" type="stmt"/>
        <line num="79" count="1" type="cond" truecount="1" falsecount="1"/>
        <line num="80" count="1" type="cond" truecount="1" falsecount="1"/>
        <line num="82" count="1" type="stmt"/>
        <line num="83" count="1" type="stmt"/>
        <line num="84" count="1" type="stmt"/>
        <line num="85" count="1" type="cond" truecount="1" falsecount="1"/>
        <line num="88" count="1" type="cond" truecount="1" falsecount="1"/>
        <line num="92" count="1" type="stmt"/>
        <line num="94" count="1" type="stmt"/>
        <line num="127" count="1" type="stmt"/>
        <line num="145" count="1" type="stmt"/>
        <line num="153" count="0" type="stmt"/>
        <line num="160" count="6" type="stmt"/>
        <line num="161" count="2" type="stmt"/>
        <line num="162" count="2" type="stmt"/>
        <line num="164" count="2" type="stmt"/>
        <line num="186" count="2" type="cond" truecount="2" falsecount="0"/>
        <line num="187" count="1" type="stmt"/>
        <line num="190" count="1" type="stmt"/>
        <line num="195" count="0" type="stmt"/>
        <line num="202" count="6" type="stmt"/>
        <line num="203" count="3" type="stmt"/>
        <line num="204" count="3" type="stmt"/>
        <line num="206" count="3" type="cond" truecount="1" falsecount="1"/>
        <line num="207" count="0" type="stmt"/>
        <line num="212" count="3" type="stmt"/>
        <line num="214" count="3" type="stmt"/>
        <line num="215" count="3" type="cond" truecount="2" falsecount="0"/>
        <line num="216" count="1" type="stmt"/>
        <line num="219" count="2" type="stmt"/>
        <line num="221" count="2" type="cond" truecount="1" falsecount="1"/>
        <line num="222" count="0" type="stmt"/>
        <line num="227" count="2" type="stmt"/>
        <line num="236" count="2" type="cond" truecount="2" falsecount="0"/>
        <line num="237" count="1" type="stmt"/>
        <line num="240" count="1" type="stmt"/>
        <line num="251" count="1" type="stmt"/>
        <line num="267" count="1" type="stmt"/>
        <line num="276" count="1" type="stmt"/>
        <line num="278" count="0" type="stmt"/>
        <line num="285" count="6" type="stmt"/>
        <line num="286" count="3" type="stmt"/>
        <line num="287" count="3" type="stmt"/>
        <line num="289" count="3" type="stmt"/>
        <line num="293" count="3" type="cond" truecount="2" falsecount="0"/>
        <line num="294" count="1" type="stmt"/>
        <line num="297" count="2" type="stmt"/>
        <line num="299" count="2" type="stmt"/>
        <line num="300" count="2" type="cond" truecount="1" falsecount="1"/>
        <line num="301" count="0" type="stmt"/>
        <line num="304" count="2" type="stmt"/>
        <line num="306" count="2" type="cond" truecount="1" falsecount="1"/>
        <line num="307" count="0" type="stmt"/>
        <line num="312" count="2" type="stmt"/>
        <line num="324" count="2" type="cond" truecount="2" falsecount="0"/>
        <line num="325" count="1" type="stmt"/>
        <line num="328" count="1" type="stmt"/>
        <line num="339" count="1" type="stmt"/>
        <line num="355" count="1" type="stmt"/>
        <line num="357" count="1" type="stmt"/>
        <line num="366" count="1" type="stmt"/>
        <line num="368" count="0" type="stmt"/>
        <line num="375" count="6" type="stmt"/>
        <line num="376" count="2" type="stmt"/>
        <line num="377" count="2" type="stmt"/>
        <line num="379" count="2" type="stmt"/>
        <line num="383" count="2" type="cond" truecount="2" falsecount="0"/>
        <line num="384" count="1" type="stmt"/>
        <line num="387" count="1" type="stmt"/>
        <line num="391" count="1" type="stmt"/>
        <line num="393" count="1" type="stmt"/>
        <line num="402" count="1" type="cond" truecount="1" falsecount="1"/>
        <line num="403" count="1" type="stmt"/>
        <line num="406" count="1" type="stmt"/>
        <line num="408" count="0" type="stmt"/>
      </file>
      <file name="generator.controller.ts" path="C:\Users\untea\Desktop\MPP\happening-app\backend\src\controllers\generator.controller.ts">
        <metrics statements="10" coveredstatements="10" conditionals="0" coveredconditionals="0" methods="3" coveredmethods="3"/>
        <line num="2" count="6" type="stmt"/>
        <line num="8" count="6" type="stmt"/>
        <line num="9" count="1" type="stmt"/>
        <line num="10" count="1" type="stmt"/>
        <line num="13" count="6" type="stmt"/>
        <line num="14" count="1" type="stmt"/>
        <line num="15" count="1" type="stmt"/>
        <line num="18" count="6" type="stmt"/>
        <line num="19" count="1" type="stmt"/>
        <line num="20" count="1" type="stmt"/>
      </file>
      <file name="logs.controller.ts" path="C:\Users\untea\Desktop\MPP\happening-app\backend\src\controllers\logs.controller.ts">
        <metrics statements="34" coveredstatements="5" conditionals="10" coveredconditionals="0" methods="4" coveredmethods="0"/>
        <line num="2" count="6" type="stmt"/>
        <line num="4" count="6" type="stmt"/>
        <line num="5" count="0" type="stmt"/>
        <line num="6" count="0" type="cond" truecount="0" falsecount="2"/>
        <line num="8" count="0" type="stmt"/>
        <line num="15" count="0" type="stmt"/>
        <line num="17" count="0" type="stmt"/>
        <line num="24" count="6" type="stmt"/>
        <line num="25" count="0" type="stmt"/>
        <line num="26" count="0" type="stmt"/>
        <line num="32" count="0" type="stmt"/>
        <line num="34" count="0" type="stmt"/>
        <line num="41" count="6" type="stmt"/>
        <line num="42" count="0" type="stmt"/>
        <line num="43" count="0" type="stmt"/>
        <line num="45" count="0" type="cond" truecount="0" falsecount="2"/>
        <line num="46" count="0" type="stmt"/>
        <line num="51" count="0" type="stmt"/>
        <line num="57" count="0" type="cond" truecount="0" falsecount="2"/>
        <line num="58" count="0" type="stmt"/>
        <line num="63" count="0" type="stmt"/>
        <line num="72" count="0" type="stmt"/>
        <line num="74" count="0" type="stmt"/>
        <line num="81" count="6" type="stmt"/>
        <line num="82" count="0" type="stmt"/>
        <line num="83" count="0" type="stmt"/>
        <line num="85" count="0" type="cond" truecount="0" falsecount="2"/>
        <line num="86" count="0" type="stmt"/>
        <line num="91" count="0" type="stmt"/>
        <line num="97" count="0" type="cond" truecount="0" falsecount="2"/>
        <line num="98" count="0" type="stmt"/>
        <line num="103" count="0" type="stmt"/>
        <line num="112" count="0" type="stmt"/>
        <line num="114" count="0" type="stmt"/>
      </file>
      <file name="stats.controller.ts" path="C:\Users\untea\Desktop\MPP\happening-app\backend\src\controllers\stats.controller.ts">
        <metrics statements="24" coveredstatements="21" conditionals="0" coveredconditionals="0" methods="7" coveredmethods="7"/>
        <line num="2" count="6" type="stmt"/>
        <line num="4" count="6" type="stmt"/>
        <line num="5" count="1" type="stmt"/>
        <line num="6" count="1" type="stmt"/>
        <line num="19" count="12" type="stmt"/>
        <line num="24" count="1" type="stmt"/>
        <line num="26" count="0" type="stmt"/>
        <line num="33" count="6" type="stmt"/>
        <line num="34" count="1" type="stmt"/>
        <line num="35" count="1" type="stmt"/>
        <line num="41" count="1" type="stmt"/>
        <line num="49" count="1" type="stmt"/>
        <line num="60" count="0" type="stmt"/>
        <line num="67" count="6" type="stmt"/>
        <line num="68" count="1" type="stmt"/>
        <line num="69" count="1" type="stmt"/>
        <line num="71" count="1" type="stmt"/>
        <line num="84" count="25" type="stmt"/>
        <line num="90" count="1" type="stmt"/>
        <line num="107" count="5" type="stmt"/>
        <line num="114" count="1" type="stmt"/>
        <line num="127" count="2" type="stmt"/>
        <line num="133" count="1" type="stmt"/>
        <line num="140" count="0" type="stmt"/>
      </file>
    </package>
    <package name="src.routes">
      <metrics statements="67" coveredstatements="67" conditionals="0" coveredconditionals="0" methods="0" coveredmethods="0"/>
      <file name="auth.routes.ts" path="C:\Users\untea\Desktop\MPP\happening-app\backend\src\routes\auth.routes.ts">
        <metrics statements="6" coveredstatements="6" conditionals="0" coveredconditionals="0" methods="0" coveredmethods="0"/>
        <line num="1" count="6" type="stmt"/>
        <line num="2" count="6" type="stmt"/>
        <line num="4" count="6" type="stmt"/>
        <line num="6" count="6" type="stmt"/>
        <line num="7" count="6" type="stmt"/>
        <line num="9" count="6" type="stmt"/>
      </file>
      <file name="categories.routes.ts" path="C:\Users\untea\Desktop\MPP\happening-app\backend\src\routes\categories.routes.ts">
        <metrics statements="9" coveredstatements="9" conditionals="0" coveredconditionals="0" methods="0" coveredmethods="0"/>
        <line num="1" count="6" type="stmt"/>
        <line num="2" count="6" type="stmt"/>
        <line num="10" count="6" type="stmt"/>
        <line num="12" count="6" type="stmt"/>
        <line num="13" count="6" type="stmt"/>
        <line num="14" count="6" type="stmt"/>
        <line num="15" count="6" type="stmt"/>
        <line num="16" count="6" type="stmt"/>
        <line num="18" count="6" type="stmt"/>
      </file>
      <file name="chat.routes.ts" path="C:\Users\untea\Desktop\MPP\happening-app\backend\src\routes\chat.routes.ts">
        <metrics statements="8" coveredstatements="8" conditionals="0" coveredconditionals="0" methods="0" coveredmethods="0"/>
        <line num="1" count="6" type="stmt"/>
        <line num="2" count="6" type="stmt"/>
        <line num="6" count="6" type="stmt"/>
        <line num="7" count="6" type="stmt"/>
        <line num="9" count="6" type="stmt"/>
        <line num="11" count="6" type="stmt"/>
        <line num="18" count="6" type="stmt"/>
        <line num="25" count="6" type="stmt"/>
      </file>
      <file name="comments.routes.ts" path="C:\Users\untea\Desktop\MPP\happening-app\backend\src\routes\comments.routes.ts">
        <metrics statements="9" coveredstatements="9" conditionals="0" coveredconditionals="0" methods="0" coveredmethods="0"/>
        <line num="1" count="6" type="stmt"/>
        <line num="2" count="6" type="stmt"/>
        <line num="7" count="6" type="stmt"/>
        <line num="8" count="6" type="stmt"/>
        <line num="10" count="6" type="stmt"/>
        <line num="12" count="6" type="stmt"/>
        <line num="13" count="6" type="stmt"/>
        <line num="20" count="6" type="stmt"/>
        <line num="27" count="6" type="stmt"/>
      </file>
      <file name="events.routes.ts" path="C:\Users\untea\Desktop\MPP\happening-app\backend\src\routes\events.routes.ts">
        <metrics statements="11" coveredstatements="11" conditionals="0" coveredconditionals="0" methods="0" coveredmethods="0"/>
        <line num="1" count="6" type="stmt"/>
        <line num="2" count="6" type="stmt"/>
        <line num="9" count="6" type="stmt"/>
        <line num="10" count="6" type="stmt"/>
        <line num="12" count="6" type="stmt"/>
        <line num="14" count="6" type="stmt"/>
        <line num="15" count="6" type="stmt"/>
        <line num="17" count="6" type="stmt"/>
        <line num="24" count="6" type="stmt"/>
        <line num="31" count="6" type="stmt"/>
        <line num="37" count="6" type="stmt"/>
      </file>
      <file name="generator.routes.ts" path="C:\Users\untea\Desktop\MPP\happening-app\backend\src\routes\generator.routes.ts">
        <metrics statements="7" coveredstatements="7" conditionals="0" coveredconditionals="0" methods="0" coveredmethods="0"/>
        <line num="1" count="6" type="stmt"/>
        <line num="2" count="6" type="stmt"/>
        <line num="8" count="6" type="stmt"/>
        <line num="10" count="6" type="stmt"/>
        <line num="11" count="6" type="stmt"/>
        <line num="12" count="6" type="stmt"/>
        <line num="14" count="6" type="stmt"/>
      </file>
      <file name="logs.routes.ts" path="C:\Users\untea\Desktop\MPP\happening-app\backend\src\routes\logs.routes.ts">
        <metrics statements="10" coveredstatements="10" conditionals="0" coveredconditionals="0" methods="0" coveredmethods="0"/>
        <line num="1" count="6" type="stmt"/>
        <line num="2" count="6" type="stmt"/>
        <line num="8" count="6" type="stmt"/>
        <line num="9" count="6" type="stmt"/>
        <line num="11" count="6" type="stmt"/>
        <line num="13" count="6" type="stmt"/>
        <line num="20" count="6" type="stmt"/>
        <line num="27" count="6" type="stmt"/>
        <line num="34" count="6" type="stmt"/>
        <line num="41" count="6" type="stmt"/>
      </file>
      <file name="stats.routes.ts" path="C:\Users\untea\Desktop\MPP\happening-app\backend\src\routes\stats.routes.ts">
        <metrics statements="7" coveredstatements="7" conditionals="0" coveredconditionals="0" methods="0" coveredmethods="0"/>
        <line num="1" count="6" type="stmt"/>
        <line num="2" count="6" type="stmt"/>
        <line num="4" count="6" type="stmt"/>
        <line num="6" count="6" type="stmt"/>
        <line num="7" count="6" type="stmt"/>
        <line num="8" count="6" type="stmt"/>
        <line num="10" count="6" type="stmt"/>
      </file>
    </package>
    <package name="src.validators">
      <metrics statements="45" coveredstatements="45" conditionals="56" coveredconditionals="56" methods="2" coveredmethods="2"/>
      <file name="comment.validator.ts" path="C:\Users\untea\Desktop\MPP\happening-app\backend\src\validators\comment.validator.ts">
        <metrics statements="9" coveredstatements="9" conditionals="12" coveredconditionals="12" methods="1" coveredmethods="1"/>
        <line num="9" count="7" type="stmt"/>
        <line num="10" count="9" type="stmt"/>
        <line num="12" count="9" type="cond" truecount="4" falsecount="0"/>
        <line num="13" count="2" type="stmt"/>
        <line num="16" count="9" type="cond" truecount="4" falsecount="0"/>
        <line num="17" count="3" type="stmt"/>
        <line num="20" count="9" type="cond" truecount="4" falsecount="0"/>
        <line num="21" count="3" type="stmt"/>
        <line num="24" count="9" type="stmt"/>
      </file>
      <file name="event.validator.ts" path="C:\Users\untea\Desktop\MPP\happening-app\backend\src\validators\event.validator.ts">
        <metrics statements="36" coveredstatements="36" conditionals="44" coveredconditionals="44" methods="1" coveredmethods="1"/>
        <line num="13" count="7" type="stmt"/>
        <line num="14" count="17" type="stmt"/>
        <line num="16" count="17" type="cond" truecount="4" falsecount="0"/>
        <line num="17" count="2" type="stmt"/>
        <line num="20" count="17" type="cond" truecount="4" falsecount="0"/>
        <line num="21" count="1" type="stmt"/>
        <line num="24" count="17" type="cond" truecount="4" falsecount="0"/>
        <line num="25" count="1" type="stmt"/>
        <line num="28" count="17" type="cond" truecount="4" falsecount="0"/>
        <line num="29" count="1" type="stmt"/>
        <line num="32" count="17" type="cond" truecount="4" falsecount="0"/>
        <line num="33" count="1" type="stmt"/>
        <line num="36" count="17" type="cond" truecount="4" falsecount="0"/>
        <line num="37" count="1" type="stmt"/>
        <line num="40" count="17" type="cond" truecount="4" falsecount="0"/>
        <line num="41" count="1" type="stmt"/>
        <line num="44" count="17" type="cond" truecount="4" falsecount="0"/>
        <line num="45" count="16" type="stmt"/>
        <line num="46" count="16" type="stmt"/>
        <line num="48" count="16" type="cond" truecount="2" falsecount="0"/>
        <line num="49" count="1" type="stmt"/>
        <line num="51" count="15" type="stmt"/>
        <line num="52" count="15" type="stmt"/>
        <line num="53" count="15" type="stmt"/>
        <line num="55" count="15" type="cond" truecount="4" falsecount="0"/>
        <line num="56" count="1" type="stmt"/>
        <line num="58" count="14" type="stmt"/>
        <line num="60" count="14" type="cond" truecount="4" falsecount="0"/>
        <line num="61" count="1" type="stmt"/>
        <line num="63" count="13" type="stmt"/>
        <line num="64" count="13" type="stmt"/>
        <line num="66" count="13" type="stmt"/>
        <line num="67" count="13" type="stmt"/>
        <line num="69" count="13" type="cond" truecount="2" falsecount="0"/>
        <line num="70" count="1" type="stmt"/>
        <line num="77" count="17" type="stmt"/>
      </file>
    </package>
  </project>
</coverage>
