{"C:\\Users\\untea\\Desktop\\MPP\\happening-app\\backend\\src\\app.ts": {"path":"C:\\Users\\untea\\Desktop\\MPP\\happening-app\\backend\\src\\app.ts","statementMap":{"0":{"start":{"line":1,"column":0},"end":{"line":1,"column":30}},"1":{"start":{"line":2,"column":0},"end":{"line":2,"column":24}},"2":{"start":{"line":3,"column":0},"end":{"line":3,"column":50}},"3":{"start":{"line":4,"column":0},"end":{"line":4,"column":48}},"4":{"start":{"line":6,"column":12},"end":{"line":6,"column":21}},"5":{"start":{"line":8,"column":0},"end":{"line":8,"column":16}},"6":{"start":{"line":9,"column":0},"end":{"line":9,"column":24}},"7":{"start":{"line":11,"column":0},"end":{"line":13,"column":3}},"8":{"start":{"line":12,"column":4},"end":{"line":12,"column":59}},"9":{"start":{"line":15,"column":0},"end":{"line":15,"column":33}},"10":{"start":{"line":16,"column":0},"end":{"line":16,"column":31}},"11":{"start":{"line":18,"column":0},"end":{"line":18,"column":19}}},"fnMap":{"0":{"name":"(anonymous_1)","decl":{"start":{"line":11,"column":13},"end":{"line":11,"column":14}},"loc":{"start":{"line":11,"column":27},"end":{"line":13,"column":1}}}},"branchMap":{},"s":{"0":2,"1":2,"2":2,"3":2,"4":2,"5":2,"6":2,"7":2,"8":0,"9":2,"10":2,"11":2},"f":{"0":0},"b":{}}
,"C:\\Users\\untea\\Desktop\\MPP\\happening-app\\backend\\src\\controllers\\events.controller.ts": {"path":"C:\\Users\\untea\\Desktop\\MPP\\happening-app\\backend\\src\\controllers\\events.controller.ts","statementMap":{"0":{"start":{"line":2,"column":0},"end":{"line":2,"column":78}},"1":{"start":{"line":4,"column":0},"end":{"line":4,"column":67}},"2":{"start":{"line":6,"column":28},"end":{"line":22,"column":1}},"3":{"start":{"line":7,"column":17},"end":{"line":7,"column":44}},"4":{"start":{"line":8,"column":18},"end":{"line":8,"column":46}},"5":{"start":{"line":10,"column":23},"end":{"line":10,"column":41}},"6":{"start":{"line":11,"column":21},"end":{"line":11,"column":39}},"7":{"start":{"line":13,"column":28},"end":{"line":13,"column":62}},"8":{"start":{"line":15,"column":4},"end":{"line":21,"column":7}},"9":{"start":{"line":6,"column":13},"end":{"line":6,"column":28}},"10":{"start":{"line":24,"column":28},"end":{"line":33,"column":1}},"11":{"start":{"line":25,"column":15},"end":{"line":25,"column":36}},"12":{"start":{"line":26,"column":18},"end":{"line":26,"column":49}},"13":{"start":{"line":26,"column":37},"end":{"line":26,"column":48}},"14":{"start":{"line":28,"column":4},"end":{"line":30,"column":5}},"15":{"start":{"line":29,"column":8},"end":{"line":29,"column":69}},"16":{"start":{"line":32,"column":4},"end":{"line":32,"column":27}},"17":{"start":{"line":24,"column":13},"end":{"line":24,"column":28}},"18":{"start":{"line":35,"column":27},"end":{"line":65,"column":1}},"19":{"start":{"line":36,"column":43},"end":{"line":36,"column":51}},"20":{"start":{"line":38,"column":28},"end":{"line":38,"column":57}},"21":{"start":{"line":39,"column":4},"end":{"line":41,"column":5}},"22":{"start":{"line":40,"column":8},"end":{"line":40,"column":57}},"23":{"start":{"line":43,"column":24},"end":{"line":44,"column":null}},"24":{"start":{"line":44,"column":15},"end":{"line":44,"column":71}},"25":{"start":{"line":47,"column":4},"end":{"line":49,"column":5}},"26":{"start":{"line":48,"column":8},"end":{"line":48,"column":79}},"27":{"start":{"line":51,"column":32},"end":{"line":60,"column":6}},"28":{"start":{"line":62,"column":4},"end":{"line":62,"column":26}},"29":{"start":{"line":64,"column":4},"end":{"line":64,"column":42}},"30":{"start":{"line":35,"column":13},"end":{"line":35,"column":27}},"31":{"start":{"line":67,"column":27},"end":{"line":106,"column":1}},"32":{"start":{"line":68,"column":15},"end":{"line":68,"column":36}},"33":{"start":{"line":69,"column":23},"end":{"line":69,"column":59}},"34":{"start":{"line":69,"column":47},"end":{"line":69,"column":58}},"35":{"start":{"line":71,"column":4},"end":{"line":73,"column":5}},"36":{"start":{"line":72,"column":8},"end":{"line":72,"column":69}},"37":{"start":{"line":75,"column":43},"end":{"line":75,"column":51}},"38":{"start":{"line":77,"column":28},"end":{"line":77,"column":57}},"39":{"start":{"line":78,"column":4},"end":{"line":80,"column":5}},"40":{"start":{"line":79,"column":8},"end":{"line":79,"column":57}},"41":{"start":{"line":82,"column":27},"end":{"line":85,"column":null}},"42":{"start":{"line":84,"column":12},"end":{"line":85,"column":68}},"43":{"start":{"line":88,"column":4},"end":{"line":90,"column":5}},"44":{"start":{"line":89,"column":8},"end":{"line":89,"column":79}},"45":{"start":{"line":92,"column":36},"end":{"line":101,"column":6}},"46":{"start":{"line":103,"column":4},"end":{"line":103,"column":38}},"47":{"start":{"line":105,"column":4},"end":{"line":105,"column":34}},"48":{"start":{"line":67,"column":13},"end":{"line":67,"column":27}},"49":{"start":{"line":108,"column":27},"end":{"line":120,"column":1}},"50":{"start":{"line":109,"column":15},"end":{"line":109,"column":36}},"51":{"start":{"line":110,"column":24},"end":{"line":110,"column":55}},"52":{"start":{"line":110,"column":43},"end":{"line":110,"column":54}},"53":{"start":{"line":112,"column":4},"end":{"line":114,"column":5}},"54":{"start":{"line":113,"column":8},"end":{"line":113,"column":69}},"55":{"start":{"line":116,"column":26},"end":{"line":116,"column":59}},"56":{"start":{"line":116,"column":47},"end":{"line":116,"column":58}},"57":{"start":{"line":117,"column":4},"end":{"line":117,"column":33}},"58":{"start":{"line":119,"column":4},"end":{"line":119,"column":64}},"59":{"start":{"line":108,"column":13},"end":{"line":108,"column":27}}},"fnMap":{"0":{"name":"(anonymous_0)","decl":{"start":{"line":6,"column":28},"end":{"line":6,"column":29}},"loc":{"start":{"line":6,"column":60},"end":{"line":22,"column":1}}},"1":{"name":"(anonymous_1)","decl":{"start":{"line":24,"column":28},"end":{"line":24,"column":29}},"loc":{"start":{"line":24,"column":60},"end":{"line":33,"column":1}}},"2":{"name":"(anonymous_2)","decl":{"start":{"line":26,"column":30},"end":{"line":26,"column":31}},"loc":{"start":{"line":26,"column":37},"end":{"line":26,"column":48}}},"3":{"name":"(anonymous_3)","decl":{"start":{"line":35,"column":27},"end":{"line":35,"column":28}},"loc":{"start":{"line":35,"column":59},"end":{"line":65,"column":1}}},"4":{"name":"(anonymous_4)","decl":{"start":{"line":44,"column":8},"end":{"line":44,"column":9}},"loc":{"start":{"line":44,"column":15},"end":{"line":44,"column":71}}},"5":{"name":"(anonymous_5)","decl":{"start":{"line":67,"column":27},"end":{"line":67,"column":28}},"loc":{"start":{"line":67,"column":59},"end":{"line":106,"column":1}}},"6":{"name":"(anonymous_6)","decl":{"start":{"line":69,"column":40},"end":{"line":69,"column":41}},"loc":{"start":{"line":69,"column":47},"end":{"line":69,"column":58}}},"7":{"name":"(anonymous_7)","decl":{"start":{"line":83,"column":8},"end":{"line":83,"column":9}},"loc":{"start":{"line":84,"column":12},"end":{"line":85,"column":68}}},"8":{"name":"(anonymous_8)","decl":{"start":{"line":108,"column":27},"end":{"line":108,"column":28}},"loc":{"start":{"line":108,"column":59},"end":{"line":120,"column":1}}},"9":{"name":"(anonymous_9)","decl":{"start":{"line":110,"column":36},"end":{"line":110,"column":37}},"loc":{"start":{"line":110,"column":43},"end":{"line":110,"column":54}}},"10":{"name":"(anonymous_10)","decl":{"start":{"line":116,"column":40},"end":{"line":116,"column":41}},"loc":{"start":{"line":116,"column":47},"end":{"line":116,"column":58}}}},"branchMap":{"0":{"loc":{"start":{"line":7,"column":17},"end":{"line":7,"column":44}},"type":"binary-expr","locations":[{"start":{"line":7,"column":17},"end":{"line":7,"column":39}},{"start":{"line":7,"column":43},"end":{"line":7,"column":44}}]},"1":{"loc":{"start":{"line":8,"column":18},"end":{"line":8,"column":46}},"type":"binary-expr","locations":[{"start":{"line":8,"column":18},"end":{"line":8,"column":41}},{"start":{"line":8,"column":45},"end":{"line":8,"column":46}}]},"2":{"loc":{"start":{"line":28,"column":4},"end":{"line":30,"column":5}},"type":"if","locations":[{"start":{"line":28,"column":4},"end":{"line":30,"column":5}},{"start":{},"end":{}}]},"3":{"loc":{"start":{"line":39,"column":4},"end":{"line":41,"column":5}},"type":"if","locations":[{"start":{"line":39,"column":4},"end":{"line":41,"column":5}},{"start":{},"end":{}}]},"4":{"loc":{"start":{"line":47,"column":4},"end":{"line":49,"column":5}},"type":"if","locations":[{"start":{"line":47,"column":4},"end":{"line":49,"column":5}},{"start":{},"end":{}}]},"5":{"loc":{"start":{"line":71,"column":4},"end":{"line":73,"column":5}},"type":"if","locations":[{"start":{"line":71,"column":4},"end":{"line":73,"column":5}},{"start":{},"end":{}}]},"6":{"loc":{"start":{"line":78,"column":4},"end":{"line":80,"column":5}},"type":"if","locations":[{"start":{"line":78,"column":4},"end":{"line":80,"column":5}},{"start":{},"end":{}}]},"7":{"loc":{"start":{"line":84,"column":12},"end":{"line":85,"column":68}},"type":"binary-expr","locations":[{"start":{"line":84,"column":12},"end":{"line":84,"column":23}},{"start":{"line":85,"column":12},"end":{"line":85,"column":68}}]},"8":{"loc":{"start":{"line":88,"column":4},"end":{"line":90,"column":5}},"type":"if","locations":[{"start":{"line":88,"column":4},"end":{"line":90,"column":5}},{"start":{},"end":{}}]},"9":{"loc":{"start":{"line":112,"column":4},"end":{"line":114,"column":5}},"type":"if","locations":[{"start":{"line":112,"column":4},"end":{"line":114,"column":5}},{"start":{},"end":{}}]}},"s":{"0":2,"1":2,"2":2,"3":1,"4":1,"5":1,"6":1,"7":1,"8":1,"9":2,"10":2,"11":2,"12":2,"13":26,"14":2,"15":1,"16":1,"17":2,"18":2,"19":3,"20":3,"21":3,"22":1,"23":2,"24":26,"25":2,"26":1,"27":1,"28":1,"29":1,"30":2,"31":2,"32":3,"33":3,"34":27,"35":3,"36":1,"37":2,"38":2,"39":2,"40":0,"41":2,"42":27,"43":2,"44":1,"45":1,"46":1,"47":1,"48":2,"49":2,"50":2,"51":2,"52":26,"53":2,"54":1,"55":1,"56":25,"57":1,"58":1,"59":2},"f":{"0":1,"1":2,"2":26,"3":3,"4":26,"5":3,"6":27,"7":27,"8":2,"9":26,"10":25},"b":{"0":[1,0],"1":[1,0],"2":[1,1],"3":[1,2],"4":[1,1],"5":[1,2],"6":[0,2],"7":[27,25],"8":[1,1],"9":[1,1]}}
,"C:\\Users\\untea\\Desktop\\MPP\\happening-app\\backend\\src\\controllers\\stats.controller.ts": {"path":"C:\\Users\\untea\\Desktop\\MPP\\happening-app\\backend\\src\\controllers\\stats.controller.ts","statementMap":{"0":{"start":{"line":2,"column":0},"end":{"line":2,"column":47}},"1":{"start":{"line":4,"column":32},"end":{"line":16,"column":1}},"2":{"start":{"line":5,"column":24},"end":{"line":8,"column":36}},"3":{"start":{"line":6,"column":8},"end":{"line":6,"column":61}},"4":{"start":{"line":7,"column":8},"end":{"line":7,"column":19}},"5":{"start":{"line":10,"column":19},"end":{"line":13,"column":7}},"6":{"start":{"line":10,"column":75},"end":{"line":13,"column":6}},"7":{"start":{"line":15,"column":4},"end":{"line":15,"column":21}},"8":{"start":{"line":4,"column":13},"end":{"line":4,"column":32}},"9":{"start":{"line":18,"column":29},"end":{"line":26,"column":1}},"10":{"start":{"line":19,"column":22},"end":{"line":19,"column":77}},"11":{"start":{"line":19,"column":47},"end":{"line":19,"column":69}},"12":{"start":{"line":20,"column":22},"end":{"line":20,"column":47}},"13":{"start":{"line":22,"column":4},"end":{"line":25,"column":7}},"14":{"start":{"line":18,"column":13},"end":{"line":18,"column":29}}},"fnMap":{"0":{"name":"(anonymous_0)","decl":{"start":{"line":4,"column":32},"end":{"line":4,"column":33}},"loc":{"start":{"line":4,"column":65},"end":{"line":16,"column":1}}},"1":{"name":"(anonymous_1)","decl":{"start":{"line":5,"column":38},"end":{"line":5,"column":39}},"loc":{"start":{"line":5,"column":53},"end":{"line":8,"column":5}}},"2":{"name":"(anonymous_2)","decl":{"start":{"line":10,"column":51},"end":{"line":10,"column":52}},"loc":{"start":{"line":10,"column":75},"end":{"line":13,"column":6}}},"3":{"name":"(anonymous_3)","decl":{"start":{"line":18,"column":29},"end":{"line":18,"column":30}},"loc":{"start":{"line":18,"column":62},"end":{"line":26,"column":1}}},"4":{"name":"(anonymous_4)","decl":{"start":{"line":19,"column":36},"end":{"line":19,"column":37}},"loc":{"start":{"line":19,"column":47},"end":{"line":19,"column":69}}}},"branchMap":{"0":{"loc":{"start":{"line":6,"column":31},"end":{"line":6,"column":55}},"type":"binary-expr","locations":[{"start":{"line":6,"column":31},"end":{"line":6,"column":50}},{"start":{"line":6,"column":54},"end":{"line":6,"column":55}}]}},"s":{"0":2,"1":2,"2":1,"3":25,"4":25,"5":1,"6":12,"7":1,"8":2,"9":2,"10":1,"11":25,"12":1,"13":1,"14":2},"f":{"0":1,"1":25,"2":12,"3":1,"4":25},"b":{"0":[25,12]}}
,"C:\\Users\\untea\\Desktop\\MPP\\happening-app\\backend\\src\\routes\\events.routes.ts": {"path":"C:\\Users\\untea\\Desktop\\MPP\\happening-app\\backend\\src\\routes\\events.routes.ts","statementMap":{"0":{"start":{"line":1,"column":0},"end":{"line":1,"column":33}},"1":{"start":{"line":2,"column":0},"end":{"line":2,"column":null}},"2":{"start":{"line":10,"column":15},"end":{"line":10,"column":23}},"3":{"start":{"line":12,"column":0},"end":{"line":12,"column":30}},"4":{"start":{"line":13,"column":0},"end":{"line":13,"column":33}},"5":{"start":{"line":14,"column":0},"end":{"line":14,"column":30}},"6":{"start":{"line":15,"column":0},"end":{"line":15,"column":32}},"7":{"start":{"line":16,"column":0},"end":{"line":16,"column":35}},"8":{"start":{"line":18,"column":0},"end":{"line":18,"column":22}}},"fnMap":{},"branchMap":{},"s":{"0":2,"1":2,"2":2,"3":2,"4":2,"5":2,"6":2,"7":2,"8":2},"f":{},"b":{}}
,"C:\\Users\\untea\\Desktop\\MPP\\happening-app\\backend\\src\\routes\\stats.routes.ts": {"path":"C:\\Users\\untea\\Desktop\\MPP\\happening-app\\backend\\src\\routes\\stats.routes.ts","statementMap":{"0":{"start":{"line":1,"column":0},"end":{"line":1,"column":33}},"1":{"start":{"line":2,"column":0},"end":{"line":2,"column":82}},"2":{"start":{"line":4,"column":15},"end":{"line":4,"column":23}},"3":{"start":{"line":6,"column":0},"end":{"line":6,"column":44}},"4":{"start":{"line":7,"column":0},"end":{"line":7,"column":38}},"5":{"start":{"line":9,"column":0},"end":{"line":9,"column":22}}},"fnMap":{},"branchMap":{},"s":{"0":2,"1":2,"2":2,"3":2,"4":2,"5":2},"f":{},"b":{}}
,"C:\\Users\\untea\\Desktop\\MPP\\happening-app\\backend\\src\\validators\\event.validator.ts": {"path":"C:\\Users\\untea\\Desktop\\MPP\\happening-app\\backend\\src\\validators\\event.validator.ts","statementMap":{"0":{"start":{"line":13,"column":0},"end":{"line":13,"column":16}},"1":{"start":{"line":14,"column":36},"end":{"line":14,"column":38}},"2":{"start":{"line":16,"column":4},"end":{"line":18,"column":5}},"3":{"start":{"line":17,"column":8},"end":{"line":17,"column":44}},"4":{"start":{"line":20,"column":4},"end":{"line":22,"column":5}},"5":{"start":{"line":21,"column":8},"end":{"line":21,"column":50}},"6":{"start":{"line":24,"column":4},"end":{"line":26,"column":5}},"7":{"start":{"line":25,"column":8},"end":{"line":25,"column":42}},"8":{"start":{"line":28,"column":4},"end":{"line":30,"column":5}},"9":{"start":{"line":29,"column":8},"end":{"line":29,"column":50}},"10":{"start":{"line":32,"column":4},"end":{"line":34,"column":5}},"11":{"start":{"line":33,"column":8},"end":{"line":33,"column":44}},"12":{"start":{"line":36,"column":4},"end":{"line":38,"column":5}},"13":{"start":{"line":37,"column":8},"end":{"line":37,"column":51}},"14":{"start":{"line":40,"column":4},"end":{"line":42,"column":5}},"15":{"start":{"line":41,"column":8},"end":{"line":41,"column":56}},"16":{"start":{"line":44,"column":4},"end":{"line":75,"column":5}},"17":{"start":{"line":45,"column":28},"end":{"line":45,"column":55}},"18":{"start":{"line":46,"column":22},"end":{"line":46,"column":59}},"19":{"start":{"line":48,"column":8},"end":{"line":74,"column":9}},"20":{"start":{"line":49,"column":12},"end":{"line":49,"column":87}},"21":{"start":{"line":51,"column":24},"end":{"line":51,"column":40}},"22":{"start":{"line":52,"column":26},"end":{"line":52,"column":46}},"23":{"start":{"line":53,"column":25},"end":{"line":53,"column":41}},"24":{"start":{"line":55,"column":12},"end":{"line":73,"column":13}},"25":{"start":{"line":56,"column":16},"end":{"line":56,"column":65}},"26":{"start":{"line":58,"column":32},"end":{"line":58,"column":70}},"27":{"start":{"line":60,"column":16},"end":{"line":72,"column":17}},"28":{"start":{"line":61,"column":20},"end":{"line":61,"column":81}},"29":{"start":{"line":63,"column":38},"end":{"line":63,"column":64}},"30":{"start":{"line":64,"column":20},"end":{"line":64,"column":51}},"31":{"start":{"line":66,"column":34},"end":{"line":66,"column":44}},"32":{"start":{"line":67,"column":20},"end":{"line":67,"column":47}},"33":{"start":{"line":69,"column":20},"end":{"line":71,"column":21}},"34":{"start":{"line":70,"column":24},"end":{"line":70,"column":68}},"35":{"start":{"line":77,"column":4},"end":{"line":77,"column":18}}},"fnMap":{"0":{"name":"validateEventInput","decl":{"start":{"line":13,"column":16},"end":{"line":13,"column":34}},"loc":{"start":{"line":13,"column":62},"end":{"line":78,"column":1}}}},"branchMap":{"0":{"loc":{"start":{"line":16,"column":4},"end":{"line":18,"column":5}},"type":"if","locations":[{"start":{"line":16,"column":4},"end":{"line":18,"column":5}},{"start":{},"end":{}}]},"1":{"loc":{"start":{"line":16,"column":8},"end":{"line":16,"column":45}},"type":"binary-expr","locations":[{"start":{"line":16,"column":8},"end":{"line":16,"column":21}},{"start":{"line":16,"column":25},"end":{"line":16,"column":45}}]},"2":{"loc":{"start":{"line":20,"column":4},"end":{"line":22,"column":5}},"type":"if","locations":[{"start":{"line":20,"column":4},"end":{"line":22,"column":5}},{"start":{},"end":{}}]},"3":{"loc":{"start":{"line":20,"column":8},"end":{"line":20,"column":51}},"type":"binary-expr","locations":[{"start":{"line":20,"column":8},"end":{"line":20,"column":24}},{"start":{"line":20,"column":28},"end":{"line":20,"column":51}}]},"4":{"loc":{"start":{"line":24,"column":4},"end":{"line":26,"column":5}},"type":"if","locations":[{"start":{"line":24,"column":4},"end":{"line":26,"column":5}},{"start":{},"end":{}}]},"5":{"loc":{"start":{"line":24,"column":8},"end":{"line":24,"column":43}},"type":"binary-expr","locations":[{"start":{"line":24,"column":8},"end":{"line":24,"column":20}},{"start":{"line":24,"column":24},"end":{"line":24,"column":43}}]},"6":{"loc":{"start":{"line":28,"column":4},"end":{"line":30,"column":5}},"type":"if","locations":[{"start":{"line":28,"column":4},"end":{"line":30,"column":5}},{"start":{},"end":{}}]},"7":{"loc":{"start":{"line":28,"column":8},"end":{"line":28,"column":51}},"type":"binary-expr","locations":[{"start":{"line":28,"column":8},"end":{"line":28,"column":24}},{"start":{"line":28,"column":28},"end":{"line":28,"column":51}}]},"8":{"loc":{"start":{"line":32,"column":4},"end":{"line":34,"column":5}},"type":"if","locations":[{"start":{"line":32,"column":4},"end":{"line":34,"column":5}},{"start":{},"end":{}}]},"9":{"loc":{"start":{"line":32,"column":8},"end":{"line":32,"column":45}},"type":"binary-expr","locations":[{"start":{"line":32,"column":8},"end":{"line":32,"column":21}},{"start":{"line":32,"column":25},"end":{"line":32,"column":45}}]},"10":{"loc":{"start":{"line":36,"column":4},"end":{"line":38,"column":5}},"type":"if","locations":[{"start":{"line":36,"column":4},"end":{"line":38,"column":5}},{"start":{},"end":{}}]},"11":{"loc":{"start":{"line":36,"column":8},"end":{"line":36,"column":51}},"type":"binary-expr","locations":[{"start":{"line":36,"column":8},"end":{"line":36,"column":24}},{"start":{"line":36,"column":28},"end":{"line":36,"column":51}}]},"12":{"loc":{"start":{"line":40,"column":4},"end":{"line":42,"column":5}},"type":"if","locations":[{"start":{"line":40,"column":4},"end":{"line":42,"column":5}},{"start":{},"end":{}}]},"13":{"loc":{"start":{"line":40,"column":8},"end":{"line":40,"column":57}},"type":"binary-expr","locations":[{"start":{"line":40,"column":8},"end":{"line":40,"column":27}},{"start":{"line":40,"column":31},"end":{"line":40,"column":57}}]},"14":{"loc":{"start":{"line":44,"column":4},"end":{"line":75,"column":5}},"type":"if","locations":[{"start":{"line":44,"column":4},"end":{"line":75,"column":5}},{"start":{},"end":{}}]},"15":{"loc":{"start":{"line":44,"column":8},"end":{"line":44,"column":41}},"type":"binary-expr","locations":[{"start":{"line":44,"column":8},"end":{"line":44,"column":19}},{"start":{"line":44,"column":23},"end":{"line":44,"column":41}}]},"16":{"loc":{"start":{"line":48,"column":8},"end":{"line":74,"column":9}},"type":"if","locations":[{"start":{"line":48,"column":8},"end":{"line":74,"column":9}},{"start":{"line":50,"column":15},"end":{"line":74,"column":9}}]},"17":{"loc":{"start":{"line":55,"column":12},"end":{"line":73,"column":13}},"type":"if","locations":[{"start":{"line":55,"column":12},"end":{"line":73,"column":13}},{"start":{"line":57,"column":19},"end":{"line":73,"column":13}}]},"18":{"loc":{"start":{"line":55,"column":16},"end":{"line":55,"column":39}},"type":"binary-expr","locations":[{"start":{"line":55,"column":16},"end":{"line":55,"column":25}},{"start":{"line":55,"column":29},"end":{"line":55,"column":39}}]},"19":{"loc":{"start":{"line":60,"column":16},"end":{"line":72,"column":17}},"type":"if","locations":[{"start":{"line":60,"column":16},"end":{"line":72,"column":17}},{"start":{"line":62,"column":23},"end":{"line":72,"column":17}}]},"20":{"loc":{"start":{"line":60,"column":20},"end":{"line":60,"column":44}},"type":"binary-expr","locations":[{"start":{"line":60,"column":20},"end":{"line":60,"column":27}},{"start":{"line":60,"column":31},"end":{"line":60,"column":44}}]},"21":{"loc":{"start":{"line":69,"column":20},"end":{"line":71,"column":21}},"type":"if","locations":[{"start":{"line":69,"column":20},"end":{"line":71,"column":21}},{"start":{},"end":{}}]}},"s":{"0":3,"1":17,"2":17,"3":2,"4":17,"5":1,"6":17,"7":1,"8":17,"9":1,"10":17,"11":1,"12":17,"13":1,"14":17,"15":1,"16":17,"17":16,"18":16,"19":16,"20":1,"21":15,"22":15,"23":15,"24":15,"25":1,"26":14,"27":14,"28":1,"29":13,"30":13,"31":13,"32":13,"33":13,"34":1,"35":17},"f":{"0":17},"b":{"0":[2,15],"1":[17,15],"2":[1,16],"3":[17,16],"4":[1,16],"5":[17,16],"6":[1,16],"7":[17,16],"8":[1,16],"9":[17,16],"10":[1,16],"11":[17,16],"12":[1,16],"13":[17,16],"14":[16,1],"15":[17,16],"16":[1,15],"17":[1,14],"18":[15,15],"19":[1,13],"20":[14,14],"21":[1,12]}}
}
