{"C:\\Users\\untea\\Desktop\\MPP\\happening-app\\backend\\src\\app.ts": {"path":"C:\\Users\\untea\\Desktop\\MPP\\happening-app\\backend\\src\\app.ts","statementMap":{"0":{"start":{"line":1,"column":0},"end":{"line":1,"column":30}},"1":{"start":{"line":2,"column":0},"end":{"line":2,"column":24}},"2":{"start":{"line":3,"column":0},"end":{"line":3,"column":50}},"3":{"start":{"line":4,"column":0},"end":{"line":4,"column":48}},"4":{"start":{"line":5,"column":0},"end":{"line":5,"column":56}},"5":{"start":{"line":6,"column":0},"end":{"line":6,"column":54}},"6":{"start":{"line":7,"column":0},"end":{"line":7,"column":58}},"7":{"start":{"line":8,"column":0},"end":{"line":8,"column":46}},"8":{"start":{"line":9,"column":0},"end":{"line":9,"column":46}},"9":{"start":{"line":10,"column":0},"end":{"line":10,"column":46}},"10":{"start":{"line":12,"column":12},"end":{"line":12,"column":21}},"11":{"start":{"line":14,"column":0},"end":{"line":14,"column":16}},"12":{"start":{"line":15,"column":0},"end":{"line":15,"column":24}},"13":{"start":{"line":17,"column":0},"end":{"line":17,"column":33}},"14":{"start":{"line":18,"column":0},"end":{"line":18,"column":31}},"15":{"start":{"line":19,"column":0},"end":{"line":19,"column":39}},"16":{"start":{"line":20,"column":0},"end":{"line":20,"column":37}},"17":{"start":{"line":21,"column":0},"end":{"line":21,"column":41}},"18":{"start":{"line":22,"column":0},"end":{"line":22,"column":29}},"19":{"start":{"line":23,"column":0},"end":{"line":23,"column":29}},"20":{"start":{"line":24,"column":0},"end":{"line":24,"column":29}},"21":{"start":{"line":26,"column":0},"end":{"line":26,"column":19}}},"fnMap":{},"branchMap":{},"s":{"0":6,"1":6,"2":6,"3":6,"4":6,"5":6,"6":6,"7":6,"8":6,"9":6,"10":6,"11":6,"12":6,"13":6,"14":6,"15":6,"16":6,"17":6,"18":6,"19":6,"20":6,"21":6},"f":{},"b":{}}
,"C:\\Users\\untea\\Desktop\\MPP\\happening-app\\backend\\src\\controllers\\auth.controller.ts": {"path":"C:\\Users\\untea\\Desktop\\MPP\\happening-app\\backend\\src\\controllers\\auth.controller.ts","statementMap":{"0":{"start":{"line":2,"column":0},"end":{"line":2,"column":28}},"1":{"start":{"line":3,"column":0},"end":{"line":3,"column":38}},"2":{"start":{"line":4,"column":0},"end":{"line":4,"column":58}},"3":{"start":{"line":5,"column":0},"end":{"line":5,"column":53}},"4":{"start":{"line":7,"column":21},"end":{"line":117,"column":1}},"5":{"start":{"line":8,"column":4},"end":{"line":116,"column":5}},"6":{"start":{"line":9,"column":36},"end":{"line":9,"column":44}},"7":{"start":{"line":11,"column":8},"end":{"line":21,"column":9}},"8":{"start":{"line":12,"column":12},"end":{"line":16,"column":15}},"9":{"start":{"line":18,"column":12},"end":{"line":20,"column":15}},"10":{"start":{"line":23,"column":21},"end":{"line":42,"column":10}},"11":{"start":{"line":44,"column":8},"end":{"line":54,"column":9}},"12":{"start":{"line":45,"column":12},"end":{"line":49,"column":15}},"13":{"start":{"line":51,"column":12},"end":{"line":53,"column":15}},"14":{"start":{"line":56,"column":32},"end":{"line":56,"column":81}},"15":{"start":{"line":58,"column":8},"end":{"line":71,"column":9}},"16":{"start":{"line":59,"column":12},"end":{"line":66,"column":15}},"17":{"start":{"line":68,"column":12},"end":{"line":70,"column":15}},"18":{"start":{"line":73,"column":22},"end":{"line":73,"column":74}},"19":{"start":{"line":73,"column":55},"end":{"line":73,"column":73}},"20":{"start":{"line":75,"column":28},"end":{"line":83,"column":10}},"21":{"start":{"line":78,"column":20},"end":{"line":79,"column":null}},"22":{"start":{"line":79,"column":44},"end":{"line":79,"column":74}},"23":{"start":{"line":85,"column":8},"end":{"line":92,"column":11}},"24":{"start":{"line":94,"column":22},"end":{"line":99,"column":10}},"25":{"start":{"line":101,"column":8},"end":{"line":110,"column":11}},"26":{"start":{"line":112,"column":8},"end":{"line":115,"column":11}},"27":{"start":{"line":7,"column":13},"end":{"line":7,"column":21}},"28":{"start":{"line":119,"column":24},"end":{"line":234,"column":1}},"29":{"start":{"line":120,"column":4},"end":{"line":233,"column":5}},"30":{"start":{"line":121,"column":42},"end":{"line":121,"column":50}},"31":{"start":{"line":123,"column":8},"end":{"line":127,"column":9}},"32":{"start":{"line":124,"column":12},"end":{"line":126,"column":15}},"33":{"start":{"line":129,"column":8},"end":{"line":133,"column":9}},"34":{"start":{"line":130,"column":12},"end":{"line":132,"column":15}},"35":{"start":{"line":135,"column":29},"end":{"line":139,"column":10}},"36":{"start":{"line":141,"column":8},"end":{"line":145,"column":9}},"37":{"start":{"line":142,"column":12},"end":{"line":144,"column":15}},"38":{"start":{"line":147,"column":25},"end":{"line":151,"column":10}},"39":{"start":{"line":153,"column":8},"end":{"line":157,"column":9}},"40":{"start":{"line":154,"column":12},"end":{"line":156,"column":15}},"41":{"start":{"line":159,"column":29},"end":{"line":159,"column":60}},"42":{"start":{"line":161,"column":24},"end":{"line":188,"column":10}},"43":{"start":{"line":190,"column":22},"end":{"line":190,"column":77}},"44":{"start":{"line":190,"column":58},"end":{"line":190,"column":76}},"45":{"start":{"line":192,"column":28},"end":{"line":200,"column":10}},"46":{"start":{"line":195,"column":20},"end":{"line":196,"column":null}},"47":{"start":{"line":196,"column":44},"end":{"line":196,"column":74}},"48":{"start":{"line":202,"column":8},"end":{"line":209,"column":11}},"49":{"start":{"line":211,"column":22},"end":{"line":216,"column":10}},"50":{"start":{"line":218,"column":8},"end":{"line":227,"column":11}},"51":{"start":{"line":229,"column":8},"end":{"line":232,"column":11}},"52":{"start":{"line":119,"column":13},"end":{"line":119,"column":24}}},"fnMap":{"0":{"name":"(anonymous_1)","decl":{"start":{"line":7,"column":21},"end":{"line":7,"column":26}},"loc":{"start":{"line":7,"column":59},"end":{"line":117,"column":1}}},"1":{"name":"(anonymous_2)","decl":{"start":{"line":73,"column":41},"end":{"line":73,"column":42}},"loc":{"start":{"line":73,"column":55},"end":{"line":73,"column":73}}},"2":{"name":"(anonymous_3)","decl":{"start":{"line":77,"column":39},"end":{"line":77,"column":40}},"loc":{"start":{"line":78,"column":20},"end":{"line":79,"column":null}}},"3":{"name":"(anonymous_4)","decl":{"start":{"line":79,"column":24},"end":{"line":79,"column":25}},"loc":{"start":{"line":79,"column":44},"end":{"line":79,"column":74}}},"4":{"name":"(anonymous_5)","decl":{"start":{"line":119,"column":24},"end":{"line":119,"column":29}},"loc":{"start":{"line":119,"column":62},"end":{"line":234,"column":1}}},"5":{"name":"(anonymous_6)","decl":{"start":{"line":190,"column":44},"end":{"line":190,"column":45}},"loc":{"start":{"line":190,"column":58},"end":{"line":190,"column":76}}},"6":{"name":"(anonymous_7)","decl":{"start":{"line":194,"column":42},"end":{"line":194,"column":43}},"loc":{"start":{"line":195,"column":20},"end":{"line":196,"column":null}}},"7":{"name":"(anonymous_8)","decl":{"start":{"line":196,"column":24},"end":{"line":196,"column":25}},"loc":{"start":{"line":196,"column":44},"end":{"line":196,"column":74}}}},"branchMap":{"0":{"loc":{"start":{"line":11,"column":8},"end":{"line":21,"column":9}},"type":"if","locations":[{"start":{"line":11,"column":8},"end":{"line":21,"column":9}},{"start":{},"end":{}}]},"1":{"loc":{"start":{"line":11,"column":12},"end":{"line":11,"column":31}},"type":"binary-expr","locations":[{"start":{"line":11,"column":12},"end":{"line":11,"column":18}},{"start":{"line":11,"column":22},"end":{"line":11,"column":31}}]},"2":{"loc":{"start":{"line":44,"column":8},"end":{"line":54,"column":9}},"type":"if","locations":[{"start":{"line":44,"column":8},"end":{"line":54,"column":9}},{"start":{},"end":{}}]},"3":{"loc":{"start":{"line":58,"column":8},"end":{"line":71,"column":9}},"type":"if","locations":[{"start":{"line":58,"column":8},"end":{"line":71,"column":9}},{"start":{},"end":{}}]},"4":{"loc":{"start":{"line":123,"column":8},"end":{"line":127,"column":9}},"type":"if","locations":[{"start":{"line":123,"column":8},"end":{"line":127,"column":9}},{"start":{},"end":{}}]},"5":{"loc":{"start":{"line":123,"column":12},"end":{"line":123,"column":40}},"type":"binary-expr","locations":[{"start":{"line":123,"column":12},"end":{"line":123,"column":17}},{"start":{"line":123,"column":21},"end":{"line":123,"column":27}},{"start":{"line":123,"column":31},"end":{"line":123,"column":40}}]},"6":{"loc":{"start":{"line":129,"column":8},"end":{"line":133,"column":9}},"type":"if","locations":[{"start":{"line":129,"column":8},"end":{"line":133,"column":9}},{"start":{},"end":{}}]},"7":{"loc":{"start":{"line":141,"column":8},"end":{"line":145,"column":9}},"type":"if","locations":[{"start":{"line":141,"column":8},"end":{"line":145,"column":9}},{"start":{},"end":{}}]},"8":{"loc":{"start":{"line":153,"column":8},"end":{"line":157,"column":9}},"type":"if","locations":[{"start":{"line":153,"column":8},"end":{"line":157,"column":9}},{"start":{},"end":{}}]}},"s":{"0":6,"1":6,"2":6,"3":6,"4":6,"5":8,"6":8,"7":8,"8":1,"9":1,"10":7,"11":7,"12":1,"13":1,"14":6,"15":6,"16":1,"17":1,"18":5,"19":5,"20":5,"21":5,"22":92,"23":5,"24":5,"25":5,"26":0,"27":6,"28":6,"29":4,"30":4,"31":4,"32":1,"33":3,"34":1,"35":2,"36":2,"37":1,"38":1,"39":1,"40":0,"41":1,"42":1,"43":1,"44":1,"45":1,"46":1,"47":10,"48":1,"49":1,"50":1,"51":0,"52":6},"f":{"0":8,"1":5,"2":5,"3":92,"4":4,"5":1,"6":1,"7":10},"b":{"0":[1,7],"1":[8,8],"2":[1,6],"3":[1,5],"4":[1,3],"5":[4,3,3],"6":[1,2],"7":[1,1],"8":[0,1]}}
,"C:\\Users\\untea\\Desktop\\MPP\\happening-app\\backend\\src\\controllers\\categories.controller.ts": {"path":"C:\\Users\\untea\\Desktop\\MPP\\happening-app\\backend\\src\\controllers\\categories.controller.ts","statementMap":{"0":{"start":{"line":2,"column":0},"end":{"line":2,"column":38}},"1":{"start":{"line":4,"column":32},"end":{"line":19,"column":1}},"2":{"start":{"line":5,"column":4},"end":{"line":18,"column":5}},"3":{"start":{"line":6,"column":27},"end":{"line":10,"column":10}},"4":{"start":{"line":12,"column":8},"end":{"line":12,"column":36}},"5":{"start":{"line":14,"column":8},"end":{"line":17,"column":11}},"6":{"start":{"line":4,"column":13},"end":{"line":4,"column":32}},"7":{"start":{"line":21,"column":31},"end":{"line":43,"column":1}},"8":{"start":{"line":22,"column":4},"end":{"line":42,"column":5}},"9":{"start":{"line":23,"column":19},"end":{"line":23,"column":40}},"10":{"start":{"line":25,"column":25},"end":{"line":30,"column":10}},"11":{"start":{"line":32,"column":8},"end":{"line":34,"column":9}},"12":{"start":{"line":33,"column":12},"end":{"line":33,"column":76}},"13":{"start":{"line":36,"column":8},"end":{"line":36,"column":34}},"14":{"start":{"line":38,"column":8},"end":{"line":41,"column":11}},"15":{"start":{"line":21,"column":13},"end":{"line":21,"column":31}},"16":{"start":{"line":45,"column":30},"end":{"line":63,"column":1}},"17":{"start":{"line":46,"column":4},"end":{"line":62,"column":5}},"18":{"start":{"line":47,"column":38},"end":{"line":47,"column":46}},"19":{"start":{"line":49,"column":25},"end":{"line":54,"column":10}},"20":{"start":{"line":56,"column":8},"end":{"line":56,"column":46}},"21":{"start":{"line":58,"column":8},"end":{"line":61,"column":11}},"22":{"start":{"line":45,"column":13},"end":{"line":45,"column":30}},"23":{"start":{"line":65,"column":30},"end":{"line":85,"column":1}},"24":{"start":{"line":66,"column":4},"end":{"line":84,"column":5}},"25":{"start":{"line":67,"column":19},"end":{"line":67,"column":40}},"26":{"start":{"line":68,"column":38},"end":{"line":68,"column":46}},"27":{"start":{"line":70,"column":25},"end":{"line":76,"column":10}},"28":{"start":{"line":78,"column":8},"end":{"line":78,"column":34}},"29":{"start":{"line":80,"column":8},"end":{"line":83,"column":11}},"30":{"start":{"line":65,"column":13},"end":{"line":65,"column":30}},"31":{"start":{"line":87,"column":30},"end":{"line":104,"column":1}},"32":{"start":{"line":88,"column":4},"end":{"line":103,"column":5}},"33":{"start":{"line":89,"column":19},"end":{"line":89,"column":40}},"34":{"start":{"line":91,"column":8},"end":{"line":93,"column":11}},"35":{"start":{"line":95,"column":8},"end":{"line":97,"column":11}},"36":{"start":{"line":99,"column":8},"end":{"line":102,"column":11}},"37":{"start":{"line":87,"column":13},"end":{"line":87,"column":30}}},"fnMap":{"0":{"name":"(anonymous_0)","decl":{"start":{"line":4,"column":32},"end":{"line":4,"column":37}},"loc":{"start":{"line":4,"column":71},"end":{"line":19,"column":1}}},"1":{"name":"(anonymous_1)","decl":{"start":{"line":21,"column":31},"end":{"line":21,"column":36}},"loc":{"start":{"line":21,"column":69},"end":{"line":43,"column":1}}},"2":{"name":"(anonymous_2)","decl":{"start":{"line":45,"column":30},"end":{"line":45,"column":35}},"loc":{"start":{"line":45,"column":68},"end":{"line":63,"column":1}}},"3":{"name":"(anonymous_3)","decl":{"start":{"line":65,"column":30},"end":{"line":65,"column":35}},"loc":{"start":{"line":65,"column":68},"end":{"line":85,"column":1}}},"4":{"name":"(anonymous_4)","decl":{"start":{"line":87,"column":30},"end":{"line":87,"column":35}},"loc":{"start":{"line":87,"column":68},"end":{"line":104,"column":1}}}},"branchMap":{"0":{"loc":{"start":{"line":32,"column":8},"end":{"line":34,"column":9}},"type":"if","locations":[{"start":{"line":32,"column":8},"end":{"line":34,"column":9}},{"start":{},"end":{}}]}},"s":{"0":6,"1":6,"2":2,"3":2,"4":2,"5":0,"6":6,"7":6,"8":2,"9":2,"10":2,"11":2,"12":1,"13":1,"14":0,"15":6,"16":6,"17":3,"18":3,"19":3,"20":3,"21":0,"22":6,"23":6,"24":1,"25":1,"26":1,"27":1,"28":1,"29":0,"30":6,"31":6,"32":1,"33":1,"34":1,"35":1,"36":0,"37":6},"f":{"0":2,"1":2,"2":3,"3":1,"4":1},"b":{"0":[1,1]}}
,"C:\\Users\\untea\\Desktop\\MPP\\happening-app\\backend\\src\\controllers\\chat.controller.ts": {"path":"C:\\Users\\untea\\Desktop\\MPP\\happening-app\\backend\\src\\controllers\\chat.controller.ts","statementMap":{"0":{"start":{"line":2,"column":0},"end":{"line":2,"column":58}},"1":{"start":{"line":3,"column":0},"end":{"line":3,"column":34}},"2":{"start":{"line":4,"column":0},"end":{"line":4,"column":58}},"3":{"start":{"line":7,"column":4},"end":{"line":7,"column":40}},"4":{"start":{"line":10,"column":31},"end":{"line":38,"column":1}},"5":{"start":{"line":11,"column":4},"end":{"line":37,"column":5}},"6":{"start":{"line":12,"column":24},"end":{"line":12,"column":63}},"7":{"start":{"line":13,"column":22},"end":{"line":13,"column":51}},"8":{"start":{"line":15,"column":25},"end":{"line":18,"column":19}},"9":{"start":{"line":20,"column":34},"end":{"line":29,"column":15}},"10":{"start":{"line":22,"column":31},"end":{"line":29,"column":14}},"11":{"start":{"line":31,"column":8},"end":{"line":31,"column":43}},"12":{"start":{"line":33,"column":8},"end":{"line":36,"column":11}},"13":{"start":{"line":10,"column":13},"end":{"line":10,"column":31}},"14":{"start":{"line":40,"column":34},"end":{"line":72,"column":1}},"15":{"start":{"line":41,"column":4},"end":{"line":71,"column":5}},"16":{"start":{"line":42,"column":24},"end":{"line":42,"column":63}},"17":{"start":{"line":44,"column":8},"end":{"line":46,"column":11}},"18":{"start":{"line":48,"column":30},"end":{"line":48,"column":51}},"19":{"start":{"line":50,"column":8},"end":{"line":57,"column":11}},"20":{"start":{"line":59,"column":8},"end":{"line":61,"column":11}},"21":{"start":{"line":63,"column":8},"end":{"line":65,"column":11}},"22":{"start":{"line":67,"column":8},"end":{"line":70,"column":11}},"23":{"start":{"line":40,"column":13},"end":{"line":40,"column":34}}},"fnMap":{"0":{"name":"getRequestUserId","decl":{"start":{"line":6,"column":9},"end":{"line":6,"column":25}},"loc":{"start":{"line":6,"column":38},"end":{"line":8,"column":1}}},"1":{"name":"(anonymous_1)","decl":{"start":{"line":10,"column":31},"end":{"line":10,"column":36}},"loc":{"start":{"line":10,"column":69},"end":{"line":38,"column":1}}},"2":{"name":"(anonymous_2)","decl":{"start":{"line":22,"column":17},"end":{"line":22,"column":18}},"loc":{"start":{"line":22,"column":31},"end":{"line":29,"column":14}}},"3":{"name":"(anonymous_3)","decl":{"start":{"line":40,"column":34},"end":{"line":40,"column":39}},"loc":{"start":{"line":40,"column":72},"end":{"line":72,"column":1}}}},"branchMap":{"0":{"loc":{"start":{"line":7,"column":11},"end":{"line":7,"column":39}},"type":"binary-expr","locations":[{"start":{"line":7,"column":11},"end":{"line":7,"column":31}},{"start":{"line":7,"column":35},"end":{"line":7,"column":39}}]},"1":{"loc":{"start":{"line":12,"column":24},"end":{"line":12,"column":63}},"type":"binary-expr","locations":[{"start":{"line":12,"column":24},"end":{"line":12,"column":51}},{"start":{"line":12,"column":55},"end":{"line":12,"column":63}}]},"2":{"loc":{"start":{"line":13,"column":22},"end":{"line":13,"column":51}},"type":"binary-expr","locations":[{"start":{"line":13,"column":22},"end":{"line":13,"column":45}},{"start":{"line":13,"column":49},"end":{"line":13,"column":51}}]},"3":{"loc":{"start":{"line":42,"column":24},"end":{"line":42,"column":63}},"type":"binary-expr","locations":[{"start":{"line":42,"column":24},"end":{"line":42,"column":51}},{"start":{"line":42,"column":55},"end":{"line":42,"column":63}}]}},"s":{"0":6,"1":6,"2":6,"3":0,"4":6,"5":0,"6":0,"7":0,"8":0,"9":0,"10":0,"11":0,"12":0,"13":6,"14":6,"15":0,"16":0,"17":0,"18":0,"19":0,"20":0,"21":0,"22":0,"23":6},"f":{"0":0,"1":0,"2":0,"3":0},"b":{"0":[0,0],"1":[0,0],"2":[0,0],"3":[0,0]}}
,"C:\\Users\\untea\\Desktop\\MPP\\happening-app\\backend\\src\\controllers\\comments.controller.ts": {"path":"C:\\Users\\untea\\Desktop\\MPP\\happening-app\\backend\\src\\controllers\\comments.controller.ts","statementMap":{"0":{"start":{"line":2,"column":0},"end":{"line":2,"column":38}},"1":{"start":{"line":4,"column":0},"end":{"line":4,"column":71}},"2":{"start":{"line":5,"column":0},"end":{"line":5,"column":58}},"3":{"start":{"line":6,"column":0},"end":{"line":6,"column":82}},"4":{"start":{"line":9,"column":4},"end":{"line":15,"column":6}},"5":{"start":{"line":19,"column":4},"end":{"line":19,"column":40}},"6":{"start":{"line":22,"column":36},"end":{"line":53,"column":1}},"7":{"start":{"line":23,"column":4},"end":{"line":52,"column":5}},"8":{"start":{"line":24,"column":24},"end":{"line":24,"column":50}},"9":{"start":{"line":26,"column":28},"end":{"line":28,"column":10}},"10":{"start":{"line":30,"column":8},"end":{"line":32,"column":9}},"11":{"start":{"line":31,"column":12},"end":{"line":31,"column":73}},"12":{"start":{"line":34,"column":30},"end":{"line":44,"column":10}},"13":{"start":{"line":46,"column":8},"end":{"line":46,"column":58}},"14":{"start":{"line":48,"column":8},"end":{"line":51,"column":11}},"15":{"start":{"line":22,"column":13},"end":{"line":22,"column":36}},"16":{"start":{"line":55,"column":29},"end":{"line":110,"column":1}},"17":{"start":{"line":56,"column":4},"end":{"line":109,"column":5}},"18":{"start":{"line":57,"column":30},"end":{"line":57,"column":51}},"19":{"start":{"line":59,"column":8},"end":{"line":63,"column":9}},"20":{"start":{"line":60,"column":12},"end":{"line":62,"column":15}},"21":{"start":{"line":65,"column":51},"end":{"line":65,"column":59}},"22":{"start":{"line":67,"column":33},"end":{"line":67,"column":66}},"23":{"start":{"line":69,"column":8},"end":{"line":71,"column":9}},"24":{"start":{"line":70,"column":12},"end":{"line":70,"column":62}},"25":{"start":{"line":73,"column":28},"end":{"line":77,"column":10}},"26":{"start":{"line":79,"column":8},"end":{"line":81,"column":9}},"27":{"start":{"line":80,"column":12},"end":{"line":80,"column":73}},"28":{"start":{"line":83,"column":27},"end":{"line":92,"column":10}},"29":{"start":{"line":94,"column":8},"end":{"line":101,"column":11}},"30":{"start":{"line":103,"column":8},"end":{"line":103,"column":63}},"31":{"start":{"line":105,"column":8},"end":{"line":108,"column":11}},"32":{"start":{"line":55,"column":13},"end":{"line":55,"column":29}},"33":{"start":{"line":112,"column":29},"end":{"line":154,"column":1}},"34":{"start":{"line":113,"column":4},"end":{"line":153,"column":5}},"35":{"start":{"line":114,"column":26},"end":{"line":114,"column":54}},"36":{"start":{"line":116,"column":30},"end":{"line":120,"column":10}},"37":{"start":{"line":122,"column":8},"end":{"line":124,"column":9}},"38":{"start":{"line":123,"column":12},"end":{"line":123,"column":75}},"39":{"start":{"line":126,"column":8},"end":{"line":130,"column":11}},"40":{"start":{"line":132,"column":30},"end":{"line":132,"column":51}},"41":{"start":{"line":134,"column":8},"end":{"line":141,"column":11}},"42":{"start":{"line":143,"column":8},"end":{"line":145,"column":9}},"43":{"start":{"line":144,"column":12},"end":{"line":144,"column":66}},"44":{"start":{"line":147,"column":8},"end":{"line":147,"column":70}},"45":{"start":{"line":149,"column":8},"end":{"line":152,"column":11}},"46":{"start":{"line":112,"column":13},"end":{"line":112,"column":29}}},"fnMap":{"0":{"name":"formatComment","decl":{"start":{"line":8,"column":9},"end":{"line":8,"column":22}},"loc":{"start":{"line":8,"column":35},"end":{"line":16,"column":1}}},"1":{"name":"getRequestUserId","decl":{"start":{"line":18,"column":9},"end":{"line":18,"column":25}},"loc":{"start":{"line":18,"column":38},"end":{"line":20,"column":1}}},"2":{"name":"(anonymous_2)","decl":{"start":{"line":22,"column":36},"end":{"line":22,"column":41}},"loc":{"start":{"line":22,"column":74},"end":{"line":53,"column":1}}},"3":{"name":"(anonymous_3)","decl":{"start":{"line":55,"column":29},"end":{"line":55,"column":34}},"loc":{"start":{"line":55,"column":67},"end":{"line":110,"column":1}}},"4":{"name":"(anonymous_4)","decl":{"start":{"line":112,"column":29},"end":{"line":112,"column":34}},"loc":{"start":{"line":112,"column":67},"end":{"line":154,"column":1}}}},"branchMap":{"0":{"loc":{"start":{"line":19,"column":11},"end":{"line":19,"column":39}},"type":"binary-expr","locations":[{"start":{"line":19,"column":11},"end":{"line":19,"column":31}},{"start":{"line":19,"column":35},"end":{"line":19,"column":39}}]},"1":{"loc":{"start":{"line":30,"column":8},"end":{"line":32,"column":9}},"type":"if","locations":[{"start":{"line":30,"column":8},"end":{"line":32,"column":9}},{"start":{},"end":{}}]},"2":{"loc":{"start":{"line":59,"column":8},"end":{"line":63,"column":9}},"type":"if","locations":[{"start":{"line":59,"column":8},"end":{"line":63,"column":9}},{"start":{},"end":{}}]},"3":{"loc":{"start":{"line":69,"column":8},"end":{"line":71,"column":9}},"type":"if","locations":[{"start":{"line":69,"column":8},"end":{"line":71,"column":9}},{"start":{},"end":{}}]},"4":{"loc":{"start":{"line":79,"column":8},"end":{"line":81,"column":9}},"type":"if","locations":[{"start":{"line":79,"column":8},"end":{"line":81,"column":9}},{"start":{},"end":{}}]},"5":{"loc":{"start":{"line":122,"column":8},"end":{"line":124,"column":9}},"type":"if","locations":[{"start":{"line":122,"column":8},"end":{"line":124,"column":9}},{"start":{},"end":{}}]},"6":{"loc":{"start":{"line":143,"column":8},"end":{"line":145,"column":9}},"type":"if","locations":[{"start":{"line":143,"column":8},"end":{"line":145,"column":9}},{"start":{},"end":{}}]}},"s":{"0":6,"1":6,"2":6,"3":6,"4":4,"5":5,"6":6,"7":2,"8":2,"9":2,"10":2,"11":1,"12":1,"13":1,"14":0,"15":6,"16":6,"17":4,"18":4,"19":4,"20":0,"21":4,"22":4,"23":4,"24":1,"25":3,"26":3,"27":1,"28":2,"29":2,"30":2,"31":0,"32":6,"33":6,"34":2,"35":2,"36":2,"37":2,"38":1,"39":1,"40":1,"41":1,"42":1,"43":1,"44":1,"45":0,"46":6},"f":{"0":4,"1":5,"2":2,"3":4,"4":2},"b":{"0":[5,0],"1":[1,1],"2":[0,4],"3":[1,3],"4":[1,2],"5":[1,1],"6":[1,0]}}
,"C:\\Users\\untea\\Desktop\\MPP\\happening-app\\backend\\src\\controllers\\events.controller.ts": {"path":"C:\\Users\\untea\\Desktop\\MPP\\happening-app\\backend\\src\\controllers\\events.controller.ts","statementMap":{"0":{"start":{"line":2,"column":0},"end":{"line":2,"column":38}},"1":{"start":{"line":4,"column":0},"end":{"line":4,"column":67}},"2":{"start":{"line":5,"column":0},"end":{"line":5,"column":58}},"3":{"start":{"line":6,"column":0},"end":{"line":6,"column":82}},"4":{"start":{"line":9,"column":16},"end":{"line":9,"column":55}},"5":{"start":{"line":10,"column":18},"end":{"line":10,"column":62}},"6":{"start":{"line":11,"column":17},"end":{"line":11,"column":35}},"7":{"start":{"line":13,"column":4},"end":{"line":13,"column":37}},"8":{"start":{"line":17,"column":4},"end":{"line":20,"column":5}},"9":{"start":{"line":18,"column":35},"end":{"line":18,"column":50}},"10":{"start":{"line":19,"column":8},"end":{"line":19,"column":60}},"11":{"start":{"line":22,"column":4},"end":{"line":22,"column":26}},"12":{"start":{"line":26,"column":4},"end":{"line":28,"column":5}},"13":{"start":{"line":27,"column":8},"end":{"line":27,"column":22}},"14":{"start":{"line":30,"column":4},"end":{"line":30,"column":23}},"15":{"start":{"line":34,"column":4},"end":{"line":36,"column":5}},"16":{"start":{"line":35,"column":8},"end":{"line":35,"column":17}},"17":{"start":{"line":38,"column":4},"end":{"line":40,"column":5}},"18":{"start":{"line":39,"column":8},"end":{"line":39,"column":21}},"19":{"start":{"line":42,"column":4},"end":{"line":44,"column":5}},"20":{"start":{"line":43,"column":8},"end":{"line":43,"column":17}},"21":{"start":{"line":46,"column":25},"end":{"line":46,"column":54}},"22":{"start":{"line":47,"column":4},"end":{"line":47,"column":32}},"23":{"start":{"line":51,"column":4},"end":{"line":57,"column":6}},"24":{"start":{"line":61,"column":4},"end":{"line":70,"column":6}},"25":{"start":{"line":74,"column":4},"end":{"line":74,"column":40}},"26":{"start":{"line":77,"column":28},"end":{"line":158,"column":1}},"27":{"start":{"line":78,"column":4},"end":{"line":157,"column":5}},"28":{"start":{"line":79,"column":21},"end":{"line":79,"column":48}},"29":{"start":{"line":80,"column":22},"end":{"line":80,"column":50}},"30":{"start":{"line":82,"column":23},"end":{"line":82,"column":61}},"31":{"start":{"line":83,"column":25},"end":{"line":83,"column":65}},"32":{"start":{"line":84,"column":25},"end":{"line":84,"column":65}},"33":{"start":{"line":85,"column":25},"end":{"line":87,"column":23}},"34":{"start":{"line":88,"column":25},"end":{"line":90,"column":23}},"35":{"start":{"line":92,"column":21},"end":{"line":92,"column":39}},"36":{"start":{"line":94,"column":22},"end":{"line":125,"column":10}},"37":{"start":{"line":127,"column":32},"end":{"line":143,"column":10}},"38":{"start":{"line":145,"column":8},"end":{"line":151,"column":11}},"39":{"start":{"line":153,"column":8},"end":{"line":156,"column":11}},"40":{"start":{"line":77,"column":13},"end":{"line":77,"column":28}},"41":{"start":{"line":160,"column":28},"end":{"line":200,"column":1}},"42":{"start":{"line":161,"column":4},"end":{"line":199,"column":5}},"43":{"start":{"line":162,"column":19},"end":{"line":162,"column":40}},"44":{"start":{"line":164,"column":22},"end":{"line":184,"column":10}},"45":{"start":{"line":186,"column":8},"end":{"line":188,"column":9}},"46":{"start":{"line":187,"column":12},"end":{"line":187,"column":73}},"47":{"start":{"line":190,"column":8},"end":{"line":193,"column":11}},"48":{"start":{"line":195,"column":8},"end":{"line":198,"column":11}},"49":{"start":{"line":160,"column":13},"end":{"line":160,"column":28}},"50":{"start":{"line":202,"column":27},"end":{"line":283,"column":1}},"51":{"start":{"line":203,"column":4},"end":{"line":282,"column":5}},"52":{"start":{"line":204,"column":30},"end":{"line":204,"column":51}},"53":{"start":{"line":206,"column":8},"end":{"line":210,"column":9}},"54":{"start":{"line":207,"column":12},"end":{"line":209,"column":15}},"55":{"start":{"line":212,"column":47},"end":{"line":212,"column":55}},"56":{"start":{"line":214,"column":32},"end":{"line":214,"column":61}},"57":{"start":{"line":215,"column":8},"end":{"line":217,"column":9}},"58":{"start":{"line":216,"column":12},"end":{"line":216,"column":61}},"59":{"start":{"line":219,"column":28},"end":{"line":219,"column":55}},"60":{"start":{"line":221,"column":8},"end":{"line":225,"column":9}},"61":{"start":{"line":222,"column":12},"end":{"line":224,"column":15}},"62":{"start":{"line":227,"column":28},"end":{"line":234,"column":10}},"63":{"start":{"line":236,"column":8},"end":{"line":238,"column":9}},"64":{"start":{"line":237,"column":12},"end":{"line":237,"column":83}},"65":{"start":{"line":240,"column":25},"end":{"line":249,"column":10}},"66":{"start":{"line":251,"column":25},"end":{"line":265,"column":10}},"67":{"start":{"line":267,"column":8},"end":{"line":274,"column":11}},"68":{"start":{"line":276,"column":8},"end":{"line":276,"column":59}},"69":{"start":{"line":278,"column":8},"end":{"line":281,"column":11}},"70":{"start":{"line":202,"column":13},"end":{"line":202,"column":27}},"71":{"start":{"line":285,"column":27},"end":{"line":373,"column":1}},"72":{"start":{"line":286,"column":4},"end":{"line":372,"column":5}},"73":{"start":{"line":287,"column":19},"end":{"line":287,"column":40}},"74":{"start":{"line":289,"column":30},"end":{"line":291,"column":10}},"75":{"start":{"line":293,"column":8},"end":{"line":295,"column":9}},"76":{"start":{"line":294,"column":12},"end":{"line":294,"column":73}},"77":{"start":{"line":297,"column":47},"end":{"line":297,"column":55}},"78":{"start":{"line":299,"column":32},"end":{"line":299,"column":61}},"79":{"start":{"line":300,"column":8},"end":{"line":302,"column":9}},"80":{"start":{"line":301,"column":12},"end":{"line":301,"column":61}},"81":{"start":{"line":304,"column":28},"end":{"line":304,"column":55}},"82":{"start":{"line":306,"column":8},"end":{"line":310,"column":9}},"83":{"start":{"line":307,"column":12},"end":{"line":309,"column":15}},"84":{"start":{"line":312,"column":31},"end":{"line":322,"column":10}},"85":{"start":{"line":324,"column":8},"end":{"line":326,"column":9}},"86":{"start":{"line":325,"column":12},"end":{"line":325,"column":83}},"87":{"start":{"line":328,"column":25},"end":{"line":337,"column":10}},"88":{"start":{"line":339,"column":29},"end":{"line":353,"column":10}},"89":{"start":{"line":355,"column":30},"end":{"line":355,"column":51}},"90":{"start":{"line":357,"column":8},"end":{"line":364,"column":11}},"91":{"start":{"line":366,"column":8},"end":{"line":366,"column":51}},"92":{"start":{"line":368,"column":8},"end":{"line":371,"column":11}},"93":{"start":{"line":285,"column":13},"end":{"line":285,"column":27}},"94":{"start":{"line":375,"column":27},"end":{"line":413,"column":1}},"95":{"start":{"line":376,"column":4},"end":{"line":412,"column":5}},"96":{"start":{"line":377,"column":19},"end":{"line":377,"column":40}},"97":{"start":{"line":379,"column":28},"end":{"line":381,"column":10}},"98":{"start":{"line":383,"column":8},"end":{"line":385,"column":9}},"99":{"start":{"line":384,"column":12},"end":{"line":384,"column":73}},"100":{"start":{"line":387,"column":8},"end":{"line":389,"column":11}},"101":{"start":{"line":391,"column":30},"end":{"line":391,"column":51}},"102":{"start":{"line":393,"column":8},"end":{"line":400,"column":11}},"103":{"start":{"line":402,"column":8},"end":{"line":404,"column":9}},"104":{"start":{"line":403,"column":12},"end":{"line":403,"column":66}},"105":{"start":{"line":406,"column":8},"end":{"line":406,"column":68}},"106":{"start":{"line":408,"column":8},"end":{"line":411,"column":11}},"107":{"start":{"line":375,"column":13},"end":{"line":375,"column":27}}},"fnMap":{"0":{"name":"formatDate","decl":{"start":{"line":8,"column":9},"end":{"line":8,"column":19}},"loc":{"start":{"line":8,"column":30},"end":{"line":14,"column":1}}},"1":{"name":"parseDate","decl":{"start":{"line":16,"column":9},"end":{"line":16,"column":18}},"loc":{"start":{"line":16,"column":31},"end":{"line":23,"column":1}}},"2":{"name":"formatPrice","decl":{"start":{"line":25,"column":9},"end":{"line":25,"column":20}},"loc":{"start":{"line":25,"column":34},"end":{"line":31,"column":1}}},"3":{"name":"parsePrice","decl":{"start":{"line":33,"column":9},"end":{"line":33,"column":19}},"loc":{"start":{"line":33,"column":54},"end":{"line":48,"column":1}}},"4":{"name":"formatComment","decl":{"start":{"line":50,"column":9},"end":{"line":50,"column":22}},"loc":{"start":{"line":50,"column":35},"end":{"line":58,"column":1}}},"5":{"name":"formatEvent","decl":{"start":{"line":60,"column":9},"end":{"line":60,"column":20}},"loc":{"start":{"line":60,"column":31},"end":{"line":71,"column":1}}},"6":{"name":"getRequestUserId","decl":{"start":{"line":73,"column":9},"end":{"line":73,"column":25}},"loc":{"start":{"line":73,"column":38},"end":{"line":75,"column":1}}},"7":{"name":"(anonymous_7)","decl":{"start":{"line":77,"column":28},"end":{"line":77,"column":33}},"loc":{"start":{"line":77,"column":66},"end":{"line":158,"column":1}}},"8":{"name":"(anonymous_8)","decl":{"start":{"line":160,"column":28},"end":{"line":160,"column":33}},"loc":{"start":{"line":160,"column":66},"end":{"line":200,"column":1}}},"9":{"name":"(anonymous_9)","decl":{"start":{"line":202,"column":27},"end":{"line":202,"column":32}},"loc":{"start":{"line":202,"column":65},"end":{"line":283,"column":1}}},"10":{"name":"(anonymous_10)","decl":{"start":{"line":285,"column":27},"end":{"line":285,"column":32}},"loc":{"start":{"line":285,"column":65},"end":{"line":373,"column":1}}},"11":{"name":"(anonymous_11)","decl":{"start":{"line":375,"column":27},"end":{"line":375,"column":32}},"loc":{"start":{"line":375,"column":65},"end":{"line":413,"column":1}}}},"branchMap":{"0":{"loc":{"start":{"line":17,"column":4},"end":{"line":20,"column":5}},"type":"if","locations":[{"start":{"line":17,"column":4},"end":{"line":20,"column":5}},{"start":{},"end":{}}]},"1":{"loc":{"start":{"line":26,"column":4},"end":{"line":28,"column":5}},"type":"if","locations":[{"start":{"line":26,"column":4},"end":{"line":28,"column":5}},{"start":{},"end":{}}]},"2":{"loc":{"start":{"line":34,"column":4},"end":{"line":36,"column":5}},"type":"if","locations":[{"start":{"line":34,"column":4},"end":{"line":36,"column":5}},{"start":{},"end":{}}]},"3":{"loc":{"start":{"line":38,"column":4},"end":{"line":40,"column":5}},"type":"if","locations":[{"start":{"line":38,"column":4},"end":{"line":40,"column":5}},{"start":{},"end":{}}]},"4":{"loc":{"start":{"line":42,"column":4},"end":{"line":44,"column":5}},"type":"if","locations":[{"start":{"line":42,"column":4},"end":{"line":44,"column":5}},{"start":{},"end":{}}]},"5":{"loc":{"start":{"line":54,"column":16},"end":{"line":54,"column":47}},"type":"binary-expr","locations":[{"start":{"line":54,"column":16},"end":{"line":54,"column":34}},{"start":{"line":54,"column":38},"end":{"line":54,"column":47}}]},"6":{"loc":{"start":{"line":69,"column":18},"end":{"line":69,"column":38}},"type":"binary-expr","locations":[{"start":{"line":69,"column":18},"end":{"line":69,"column":32}},{"start":{"line":69,"column":36},"end":{"line":69,"column":38}}]},"7":{"loc":{"start":{"line":74,"column":11},"end":{"line":74,"column":39}},"type":"binary-expr","locations":[{"start":{"line":74,"column":11},"end":{"line":74,"column":31}},{"start":{"line":74,"column":35},"end":{"line":74,"column":39}}]},"8":{"loc":{"start":{"line":79,"column":21},"end":{"line":79,"column":48}},"type":"binary-expr","locations":[{"start":{"line":79,"column":21},"end":{"line":79,"column":43}},{"start":{"line":79,"column":47},"end":{"line":79,"column":48}}]},"9":{"loc":{"start":{"line":80,"column":22},"end":{"line":80,"column":50}},"type":"binary-expr","locations":[{"start":{"line":80,"column":22},"end":{"line":80,"column":45}},{"start":{"line":80,"column":49},"end":{"line":80,"column":50}}]},"10":{"loc":{"start":{"line":85,"column":25},"end":{"line":87,"column":23}},"type":"cond-expr","locations":[{"start":{"line":86,"column":14},"end":{"line":86,"column":54}},{"start":{"line":87,"column":14},"end":{"line":87,"column":23}}]},"11":{"loc":{"start":{"line":88,"column":25},"end":{"line":90,"column":23}},"type":"cond-expr","locations":[{"start":{"line":89,"column":14},"end":{"line":89,"column":54}},{"start":{"line":90,"column":14},"end":{"line":90,"column":23}}]},"12":{"loc":{"start":{"line":95,"column":19},"end":{"line":100,"column":27}},"type":"cond-expr","locations":[{"start":{"line":96,"column":18},"end":{"line":99,"column":null}},{"start":{"line":100,"column":18},"end":{"line":100,"column":27}}]},"13":{"loc":{"start":{"line":102,"column":22},"end":{"line":109,"column":27}},"type":"cond-expr","locations":[{"start":{"line":103,"column":18},"end":{"line":108,"column":null}},{"start":{"line":109,"column":18},"end":{"line":109,"column":27}}]},"14":{"loc":{"start":{"line":111,"column":22},"end":{"line":116,"column":27}},"type":"cond-expr","locations":[{"start":{"line":112,"column":18},"end":{"line":115,"column":null}},{"start":{"line":116,"column":18},"end":{"line":116,"column":27}}]},"15":{"loc":{"start":{"line":119,"column":16},"end":{"line":124,"column":31}},"type":"cond-expr","locations":[{"start":{"line":120,"column":22},"end":{"line":123,"column":null}},{"start":{"line":124,"column":22},"end":{"line":124,"column":31}}]},"16":{"loc":{"start":{"line":119,"column":16},"end":{"line":119,"column":64}},"type":"binary-expr","locations":[{"start":{"line":119,"column":16},"end":{"line":119,"column":38}},{"start":{"line":119,"column":42},"end":{"line":119,"column":64}}]},"17":{"loc":{"start":{"line":186,"column":8},"end":{"line":188,"column":9}},"type":"if","locations":[{"start":{"line":186,"column":8},"end":{"line":188,"column":9}},{"start":{},"end":{}}]},"18":{"loc":{"start":{"line":206,"column":8},"end":{"line":210,"column":9}},"type":"if","locations":[{"start":{"line":206,"column":8},"end":{"line":210,"column":9}},{"start":{},"end":{}}]},"19":{"loc":{"start":{"line":215,"column":8},"end":{"line":217,"column":9}},"type":"if","locations":[{"start":{"line":215,"column":8},"end":{"line":217,"column":9}},{"start":{},"end":{}}]},"20":{"loc":{"start":{"line":221,"column":8},"end":{"line":225,"column":9}},"type":"if","locations":[{"start":{"line":221,"column":8},"end":{"line":225,"column":9}},{"start":{},"end":{}}]},"21":{"loc":{"start":{"line":236,"column":8},"end":{"line":238,"column":9}},"type":"if","locations":[{"start":{"line":236,"column":8},"end":{"line":238,"column":9}},{"start":{},"end":{}}]},"22":{"loc":{"start":{"line":293,"column":8},"end":{"line":295,"column":9}},"type":"if","locations":[{"start":{"line":293,"column":8},"end":{"line":295,"column":9}},{"start":{},"end":{}}]},"23":{"loc":{"start":{"line":300,"column":8},"end":{"line":302,"column":9}},"type":"if","locations":[{"start":{"line":300,"column":8},"end":{"line":302,"column":9}},{"start":{},"end":{}}]},"24":{"loc":{"start":{"line":306,"column":8},"end":{"line":310,"column":9}},"type":"if","locations":[{"start":{"line":306,"column":8},"end":{"line":310,"column":9}},{"start":{},"end":{}}]},"25":{"loc":{"start":{"line":324,"column":8},"end":{"line":326,"column":9}},"type":"if","locations":[{"start":{"line":324,"column":8},"end":{"line":326,"column":9}},{"start":{},"end":{}}]},"26":{"loc":{"start":{"line":383,"column":8},"end":{"line":385,"column":9}},"type":"if","locations":[{"start":{"line":383,"column":8},"end":{"line":385,"column":9}},{"start":{},"end":{}}]},"27":{"loc":{"start":{"line":402,"column":8},"end":{"line":404,"column":9}},"type":"if","locations":[{"start":{"line":402,"column":8},"end":{"line":404,"column":9}},{"start":{},"end":{}}]}},"s":{"0":6,"1":6,"2":6,"3":6,"4":13,"5":13,"6":13,"7":13,"8":2,"9":2,"10":2,"11":0,"12":13,"13":5,"14":8,"15":4,"16":0,"17":4,"18":0,"19":4,"20":1,"21":3,"22":3,"23":2,"24":13,"25":5,"26":6,"27":1,"28":1,"29":1,"30":1,"31":1,"32":1,"33":1,"34":1,"35":1,"36":1,"37":1,"38":1,"39":0,"40":6,"41":6,"42":2,"43":2,"44":2,"45":2,"46":1,"47":1,"48":0,"49":6,"50":6,"51":3,"52":3,"53":3,"54":0,"55":3,"56":3,"57":3,"58":1,"59":2,"60":2,"61":0,"62":2,"63":2,"64":1,"65":1,"66":1,"67":1,"68":1,"69":0,"70":6,"71":6,"72":3,"73":3,"74":3,"75":3,"76":1,"77":2,"78":2,"79":2,"80":0,"81":2,"82":2,"83":0,"84":2,"85":2,"86":1,"87":1,"88":1,"89":1,"90":1,"91":1,"92":0,"93":6,"94":6,"95":2,"96":2,"97":2,"98":2,"99":1,"100":1,"101":1,"102":1,"103":1,"104":1,"105":1,"106":0,"107":6},"f":{"0":13,"1":2,"2":13,"3":4,"4":2,"5":13,"6":5,"7":1,"8":2,"9":3,"10":3,"11":2},"b":{"0":[2,0],"1":[5,8],"2":[0,4],"3":[0,4],"4":[1,3],"5":[2,0],"6":[13,0],"7":[5,0],"8":[1,0],"9":[1,0],"10":[0,1],"11":[0,1],"12":[0,1],"13":[0,1],"14":[0,1],"15":[0,1],"16":[1,1],"17":[1,1],"18":[0,3],"19":[1,2],"20":[0,2],"21":[1,1],"22":[1,2],"23":[0,2],"24":[0,2],"25":[1,1],"26":[1,1],"27":[1,0]}}
,"C:\\Users\\untea\\Desktop\\MPP\\happening-app\\backend\\src\\controllers\\generator.controller.ts": {"path":"C:\\Users\\untea\\Desktop\\MPP\\happening-app\\backend\\src\\controllers\\generator.controller.ts","statementMap":{"0":{"start":{"line":8,"column":0},"end":{"line":8,"column":16}},"1":{"start":{"line":13,"column":0},"end":{"line":13,"column":16}},"2":{"start":{"line":18,"column":0},"end":{"line":18,"column":16}},"3":{"start":{"line":2,"column":0},"end":{"line":2,"column":null}},"4":{"start":{"line":9,"column":19},"end":{"line":9,"column":35}},"5":{"start":{"line":10,"column":4},"end":{"line":10,"column":33}},"6":{"start":{"line":14,"column":19},"end":{"line":14,"column":34}},"7":{"start":{"line":15,"column":4},"end":{"line":15,"column":33}},"8":{"start":{"line":19,"column":19},"end":{"line":19,"column":39}},"9":{"start":{"line":20,"column":4},"end":{"line":20,"column":33}}},"fnMap":{"0":{"name":"startGeneratorController","decl":{"start":{"line":8,"column":16},"end":{"line":8,"column":40}},"loc":{"start":{"line":8,"column":69},"end":{"line":11,"column":1}}},"1":{"name":"stopGeneratorController","decl":{"start":{"line":13,"column":16},"end":{"line":13,"column":39}},"loc":{"start":{"line":13,"column":68},"end":{"line":16,"column":1}}},"2":{"name":"getGeneratorStatusController","decl":{"start":{"line":18,"column":16},"end":{"line":18,"column":44}},"loc":{"start":{"line":18,"column":73},"end":{"line":21,"column":1}}}},"branchMap":{},"s":{"0":6,"1":6,"2":6,"3":6,"4":1,"5":1,"6":1,"7":1,"8":1,"9":1},"f":{"0":1,"1":1,"2":1},"b":{}}
,"C:\\Users\\untea\\Desktop\\MPP\\happening-app\\backend\\src\\controllers\\logs.controller.ts": {"path":"C:\\Users\\untea\\Desktop\\MPP\\happening-app\\backend\\src\\controllers\\logs.controller.ts","statementMap":{"0":{"start":{"line":2,"column":0},"end":{"line":2,"column":38}},"1":{"start":{"line":4,"column":29},"end":{"line":22,"column":1}},"2":{"start":{"line":5,"column":4},"end":{"line":21,"column":5}},"3":{"start":{"line":6,"column":22},"end":{"line":6,"column":52}},"4":{"start":{"line":8,"column":21},"end":{"line":13,"column":10}},"5":{"start":{"line":15,"column":8},"end":{"line":15,"column":30}},"6":{"start":{"line":17,"column":8},"end":{"line":20,"column":11}},"7":{"start":{"line":4,"column":13},"end":{"line":4,"column":29}},"8":{"start":{"line":24,"column":34},"end":{"line":39,"column":1}},"9":{"start":{"line":25,"column":4},"end":{"line":38,"column":5}},"10":{"start":{"line":26,"column":32},"end":{"line":30,"column":10}},"11":{"start":{"line":32,"column":8},"end":{"line":32,"column":41}},"12":{"start":{"line":34,"column":8},"end":{"line":37,"column":11}},"13":{"start":{"line":24,"column":13},"end":{"line":24,"column":34}},"14":{"start":{"line":41,"column":42},"end":{"line":79,"column":1}},"15":{"start":{"line":42,"column":4},"end":{"line":78,"column":5}},"16":{"start":{"line":43,"column":19},"end":{"line":43,"column":40}},"17":{"start":{"line":45,"column":8},"end":{"line":49,"column":9}},"18":{"start":{"line":46,"column":12},"end":{"line":48,"column":15}},"19":{"start":{"line":51,"column":31},"end":{"line":55,"column":10}},"20":{"start":{"line":57,"column":8},"end":{"line":61,"column":9}},"21":{"start":{"line":58,"column":12},"end":{"line":60,"column":15}},"22":{"start":{"line":63,"column":38},"end":{"line":70,"column":10}},"23":{"start":{"line":72,"column":8},"end":{"line":72,"column":47}},"24":{"start":{"line":74,"column":8},"end":{"line":77,"column":11}},"25":{"start":{"line":41,"column":13},"end":{"line":41,"column":42}},"26":{"start":{"line":81,"column":37},"end":{"line":119,"column":1}},"27":{"start":{"line":82,"column":4},"end":{"line":118,"column":5}},"28":{"start":{"line":83,"column":19},"end":{"line":83,"column":40}},"29":{"start":{"line":85,"column":8},"end":{"line":89,"column":9}},"30":{"start":{"line":86,"column":12},"end":{"line":88,"column":15}},"31":{"start":{"line":91,"column":31},"end":{"line":95,"column":10}},"32":{"start":{"line":97,"column":8},"end":{"line":101,"column":9}},"33":{"start":{"line":98,"column":12},"end":{"line":100,"column":15}},"34":{"start":{"line":103,"column":38},"end":{"line":110,"column":10}},"35":{"start":{"line":112,"column":8},"end":{"line":112,"column":47}},"36":{"start":{"line":114,"column":8},"end":{"line":117,"column":11}},"37":{"start":{"line":81,"column":13},"end":{"line":81,"column":37}}},"fnMap":{"0":{"name":"(anonymous_0)","decl":{"start":{"line":4,"column":29},"end":{"line":4,"column":34}},"loc":{"start":{"line":4,"column":67},"end":{"line":22,"column":1}}},"1":{"name":"(anonymous_1)","decl":{"start":{"line":24,"column":34},"end":{"line":24,"column":39}},"loc":{"start":{"line":24,"column":73},"end":{"line":39,"column":1}}},"2":{"name":"(anonymous_2)","decl":{"start":{"line":41,"column":42},"end":{"line":41,"column":47}},"loc":{"start":{"line":41,"column":80},"end":{"line":79,"column":1}}},"3":{"name":"(anonymous_3)","decl":{"start":{"line":81,"column":37},"end":{"line":81,"column":42}},"loc":{"start":{"line":81,"column":75},"end":{"line":119,"column":1}}}},"branchMap":{"0":{"loc":{"start":{"line":6,"column":22},"end":{"line":6,"column":52}},"type":"binary-expr","locations":[{"start":{"line":6,"column":22},"end":{"line":6,"column":45}},{"start":{"line":6,"column":49},"end":{"line":6,"column":52}}]},"1":{"loc":{"start":{"line":45,"column":8},"end":{"line":49,"column":9}},"type":"if","locations":[{"start":{"line":45,"column":8},"end":{"line":49,"column":9}},{"start":{},"end":{}}]},"2":{"loc":{"start":{"line":57,"column":8},"end":{"line":61,"column":9}},"type":"if","locations":[{"start":{"line":57,"column":8},"end":{"line":61,"column":9}},{"start":{},"end":{}}]},"3":{"loc":{"start":{"line":85,"column":8},"end":{"line":89,"column":9}},"type":"if","locations":[{"start":{"line":85,"column":8},"end":{"line":89,"column":9}},{"start":{},"end":{}}]},"4":{"loc":{"start":{"line":97,"column":8},"end":{"line":101,"column":9}},"type":"if","locations":[{"start":{"line":97,"column":8},"end":{"line":101,"column":9}},{"start":{},"end":{}}]}},"s":{"0":6,"1":6,"2":0,"3":0,"4":0,"5":0,"6":0,"7":6,"8":6,"9":0,"10":0,"11":0,"12":0,"13":6,"14":6,"15":0,"16":0,"17":0,"18":0,"19":0,"20":0,"21":0,"22":0,"23":0,"24":0,"25":6,"26":6,"27":0,"28":0,"29":0,"30":0,"31":0,"32":0,"33":0,"34":0,"35":0,"36":0,"37":6},"f":{"0":0,"1":0,"2":0,"3":0},"b":{"0":[0,0],"1":[0,0],"2":[0,0],"3":[0,0],"4":[0,0]}}
,"C:\\Users\\untea\\Desktop\\MPP\\happening-app\\backend\\src\\controllers\\stats.controller.ts": {"path":"C:\\Users\\untea\\Desktop\\MPP\\happening-app\\backend\\src\\controllers\\stats.controller.ts","statementMap":{"0":{"start":{"line":2,"column":0},"end":{"line":2,"column":38}},"1":{"start":{"line":4,"column":32},"end":{"line":31,"column":1}},"2":{"start":{"line":5,"column":4},"end":{"line":30,"column":5}},"3":{"start":{"line":6,"column":27},"end":{"line":17,"column":10}},"4":{"start":{"line":19,"column":22},"end":{"line":22,"column":11}},"5":{"start":{"line":19,"column":52},"end":{"line":22,"column":10}},"6":{"start":{"line":24,"column":8},"end":{"line":24,"column":31}},"7":{"start":{"line":26,"column":8},"end":{"line":29,"column":11}},"8":{"start":{"line":4,"column":13},"end":{"line":4,"column":32}},"9":{"start":{"line":33,"column":29},"end":{"line":65,"column":1}},"10":{"start":{"line":34,"column":4},"end":{"line":64,"column":5}},"11":{"start":{"line":35,"column":27},"end":{"line":39,"column":10}},"12":{"start":{"line":41,"column":27},"end":{"line":47,"column":10}},"13":{"start":{"line":49,"column":8},"end":{"line":58,"column":11}},"14":{"start":{"line":60,"column":8},"end":{"line":63,"column":11}},"15":{"start":{"line":33,"column":13},"end":{"line":33,"column":29}},"16":{"start":{"line":67,"column":31},"end":{"line":145,"column":1}},"17":{"start":{"line":68,"column":4},"end":{"line":144,"column":5}},"18":{"start":{"line":69,"column":30},"end":{"line":69,"column":58}},"19":{"start":{"line":71,"column":40},"end":{"line":82,"column":10}},"20":{"start":{"line":84,"column":32},"end":{"line":88,"column":11}},"21":{"start":{"line":84,"column":72},"end":{"line":88,"column":10}},"22":{"start":{"line":90,"column":36},"end":{"line":105,"column":10}},"23":{"start":{"line":107,"column":26},"end":{"line":112,"column":11}},"24":{"start":{"line":107,"column":62},"end":{"line":112,"column":10}},"25":{"start":{"line":114,"column":39},"end":{"line":125,"column":10}},"26":{"start":{"line":127,"column":31},"end":{"line":131,"column":11}},"27":{"start":{"line":127,"column":69},"end":{"line":131,"column":10}},"28":{"start":{"line":133,"column":8},"end":{"line":138,"column":11}},"29":{"start":{"line":140,"column":8},"end":{"line":143,"column":11}},"30":{"start":{"line":67,"column":13},"end":{"line":67,"column":31}}},"fnMap":{"0":{"name":"(anonymous_0)","decl":{"start":{"line":4,"column":32},"end":{"line":4,"column":37}},"loc":{"start":{"line":4,"column":71},"end":{"line":31,"column":1}}},"1":{"name":"(anonymous_1)","decl":{"start":{"line":19,"column":37},"end":{"line":19,"column":38}},"loc":{"start":{"line":19,"column":52},"end":{"line":22,"column":10}}},"2":{"name":"(anonymous_2)","decl":{"start":{"line":33,"column":29},"end":{"line":33,"column":34}},"loc":{"start":{"line":33,"column":68},"end":{"line":65,"column":1}}},"3":{"name":"(anonymous_3)","decl":{"start":{"line":67,"column":31},"end":{"line":67,"column":36}},"loc":{"start":{"line":67,"column":70},"end":{"line":145,"column":1}}},"4":{"name":"(anonymous_4)","decl":{"start":{"line":84,"column":60},"end":{"line":84,"column":61}},"loc":{"start":{"line":84,"column":72},"end":{"line":88,"column":10}}},"5":{"name":"(anonymous_5)","decl":{"start":{"line":107,"column":50},"end":{"line":107,"column":51}},"loc":{"start":{"line":107,"column":62},"end":{"line":112,"column":10}}},"6":{"name":"(anonymous_6)","decl":{"start":{"line":127,"column":58},"end":{"line":127,"column":59}},"loc":{"start":{"line":127,"column":69},"end":{"line":131,"column":10}}}},"branchMap":{},"s":{"0":6,"1":6,"2":1,"3":1,"4":1,"5":12,"6":1,"7":0,"8":6,"9":6,"10":1,"11":1,"12":1,"13":1,"14":0,"15":6,"16":6,"17":1,"18":1,"19":1,"20":1,"21":25,"22":1,"23":1,"24":5,"25":1,"26":1,"27":2,"28":1,"29":0,"30":6},"f":{"0":1,"1":12,"2":1,"3":1,"4":25,"5":5,"6":2},"b":{}}
,"C:\\Users\\untea\\Desktop\\MPP\\happening-app\\backend\\src\\routes\\auth.routes.ts": {"path":"C:\\Users\\untea\\Desktop\\MPP\\happening-app\\backend\\src\\routes\\auth.routes.ts","statementMap":{"0":{"start":{"line":1,"column":0},"end":{"line":1,"column":33}},"1":{"start":{"line":2,"column":0},"end":{"line":2,"column":65}},"2":{"start":{"line":4,"column":15},"end":{"line":4,"column":23}},"3":{"start":{"line":6,"column":0},"end":{"line":6,"column":29}},"4":{"start":{"line":7,"column":0},"end":{"line":7,"column":35}},"5":{"start":{"line":9,"column":0},"end":{"line":9,"column":22}}},"fnMap":{},"branchMap":{},"s":{"0":6,"1":6,"2":6,"3":6,"4":6,"5":6},"f":{},"b":{}}
,"C:\\Users\\untea\\Desktop\\MPP\\happening-app\\backend\\src\\routes\\categories.routes.ts": {"path":"C:\\Users\\untea\\Desktop\\MPP\\happening-app\\backend\\src\\routes\\categories.routes.ts","statementMap":{"0":{"start":{"line":1,"column":0},"end":{"line":1,"column":33}},"1":{"start":{"line":2,"column":0},"end":{"line":2,"column":null}},"2":{"start":{"line":10,"column":15},"end":{"line":10,"column":23}},"3":{"start":{"line":12,"column":0},"end":{"line":12,"column":34}},"4":{"start":{"line":13,"column":0},"end":{"line":13,"column":36}},"5":{"start":{"line":14,"column":0},"end":{"line":14,"column":33}},"6":{"start":{"line":15,"column":0},"end":{"line":15,"column":35}},"7":{"start":{"line":16,"column":0},"end":{"line":16,"column":38}},"8":{"start":{"line":18,"column":0},"end":{"line":18,"column":22}}},"fnMap":{},"branchMap":{},"s":{"0":6,"1":6,"2":6,"3":6,"4":6,"5":6,"6":6,"7":6,"8":6},"f":{},"b":{}}
,"C:\\Users\\untea\\Desktop\\MPP\\happening-app\\backend\\src\\routes\\chat.routes.ts": {"path":"C:\\Users\\untea\\Desktop\\MPP\\happening-app\\backend\\src\\routes\\chat.routes.ts","statementMap":{"0":{"start":{"line":1,"column":0},"end":{"line":1,"column":33}},"1":{"start":{"line":2,"column":0},"end":{"line":2,"column":null}},"2":{"start":{"line":6,"column":0},"end":{"line":6,"column":68}},"3":{"start":{"line":7,"column":0},"end":{"line":7,"column":68}},"4":{"start":{"line":9,"column":15},"end":{"line":9,"column":23}},"5":{"start":{"line":11,"column":0},"end":{"line":16,"column":2}},"6":{"start":{"line":18,"column":0},"end":{"line":23,"column":2}},"7":{"start":{"line":25,"column":0},"end":{"line":25,"column":22}}},"fnMap":{},"branchMap":{},"s":{"0":6,"1":6,"2":6,"3":6,"4":6,"5":6,"6":6,"7":6},"f":{},"b":{}}
,"C:\\Users\\untea\\Desktop\\MPP\\happening-app\\backend\\src\\routes\\comments.routes.ts": {"path":"C:\\Users\\untea\\Desktop\\MPP\\happening-app\\backend\\src\\routes\\comments.routes.ts","statementMap":{"0":{"start":{"line":1,"column":0},"end":{"line":1,"column":33}},"1":{"start":{"line":2,"column":0},"end":{"line":2,"column":null}},"2":{"start":{"line":7,"column":0},"end":{"line":7,"column":68}},"3":{"start":{"line":8,"column":0},"end":{"line":8,"column":68}},"4":{"start":{"line":10,"column":15},"end":{"line":10,"column":23}},"5":{"start":{"line":12,"column":0},"end":{"line":12,"column":52}},"6":{"start":{"line":13,"column":0},"end":{"line":18,"column":2}},"7":{"start":{"line":20,"column":0},"end":{"line":25,"column":2}},"8":{"start":{"line":27,"column":0},"end":{"line":27,"column":22}}},"fnMap":{},"branchMap":{},"s":{"0":6,"1":6,"2":6,"3":6,"4":6,"5":6,"6":6,"7":6,"8":6},"f":{},"b":{}}
,"C:\\Users\\untea\\Desktop\\MPP\\happening-app\\backend\\src\\routes\\events.routes.ts": {"path":"C:\\Users\\untea\\Desktop\\MPP\\happening-app\\backend\\src\\routes\\events.routes.ts","statementMap":{"0":{"start":{"line":1,"column":0},"end":{"line":1,"column":33}},"1":{"start":{"line":2,"column":0},"end":{"line":2,"column":null}},"2":{"start":{"line":9,"column":0},"end":{"line":9,"column":68}},"3":{"start":{"line":10,"column":0},"end":{"line":10,"column":68}},"4":{"start":{"line":12,"column":15},"end":{"line":12,"column":23}},"5":{"start":{"line":14,"column":0},"end":{"line":14,"column":30}},"6":{"start":{"line":15,"column":0},"end":{"line":15,"column":33}},"7":{"start":{"line":17,"column":0},"end":{"line":22,"column":2}},"8":{"start":{"line":24,"column":0},"end":{"line":29,"column":2}},"9":{"start":{"line":31,"column":0},"end":{"line":36,"column":2}},"10":{"start":{"line":37,"column":0},"end":{"line":37,"column":22}}},"fnMap":{},"branchMap":{},"s":{"0":6,"1":6,"2":6,"3":6,"4":6,"5":6,"6":6,"7":6,"8":6,"9":6,"10":6},"f":{},"b":{}}
,"C:\\Users\\untea\\Desktop\\MPP\\happening-app\\backend\\src\\routes\\generator.routes.ts": {"path":"C:\\Users\\untea\\Desktop\\MPP\\happening-app\\backend\\src\\routes\\generator.routes.ts","statementMap":{"0":{"start":{"line":1,"column":0},"end":{"line":1,"column":33}},"1":{"start":{"line":2,"column":0},"end":{"line":2,"column":null}},"2":{"start":{"line":8,"column":15},"end":{"line":8,"column":23}},"3":{"start":{"line":10,"column":0},"end":{"line":10,"column":52}},"4":{"start":{"line":11,"column":0},"end":{"line":11,"column":48}},"5":{"start":{"line":12,"column":0},"end":{"line":12,"column":46}},"6":{"start":{"line":14,"column":0},"end":{"line":14,"column":22}}},"fnMap":{},"branchMap":{},"s":{"0":6,"1":6,"2":6,"3":6,"4":6,"5":6,"6":6},"f":{},"b":{}}
,"C:\\Users\\untea\\Desktop\\MPP\\happening-app\\backend\\src\\routes\\logs.routes.ts": {"path":"C:\\Users\\untea\\Desktop\\MPP\\happening-app\\backend\\src\\routes\\logs.routes.ts","statementMap":{"0":{"start":{"line":1,"column":0},"end":{"line":1,"column":33}},"1":{"start":{"line":2,"column":0},"end":{"line":2,"column":null}},"2":{"start":{"line":8,"column":0},"end":{"line":8,"column":68}},"3":{"start":{"line":9,"column":0},"end":{"line":9,"column":68}},"4":{"start":{"line":11,"column":15},"end":{"line":11,"column":23}},"5":{"start":{"line":13,"column":0},"end":{"line":18,"column":2}},"6":{"start":{"line":20,"column":0},"end":{"line":25,"column":2}},"7":{"start":{"line":27,"column":0},"end":{"line":32,"column":2}},"8":{"start":{"line":34,"column":0},"end":{"line":39,"column":2}},"9":{"start":{"line":41,"column":0},"end":{"line":41,"column":22}}},"fnMap":{},"branchMap":{},"s":{"0":6,"1":6,"2":6,"3":6,"4":6,"5":6,"6":6,"7":6,"8":6,"9":6},"f":{},"b":{}}
,"C:\\Users\\untea\\Desktop\\MPP\\happening-app\\backend\\src\\routes\\stats.routes.ts": {"path":"C:\\Users\\untea\\Desktop\\MPP\\happening-app\\backend\\src\\routes\\stats.routes.ts","statementMap":{"0":{"start":{"line":1,"column":0},"end":{"line":1,"column":33}},"1":{"start":{"line":2,"column":0},"end":{"line":2,"column":99}},"2":{"start":{"line":4,"column":15},"end":{"line":4,"column":23}},"3":{"start":{"line":6,"column":0},"end":{"line":6,"column":44}},"4":{"start":{"line":7,"column":0},"end":{"line":7,"column":38}},"5":{"start":{"line":8,"column":0},"end":{"line":8,"column":41}},"6":{"start":{"line":10,"column":0},"end":{"line":10,"column":22}}},"fnMap":{},"branchMap":{},"s":{"0":6,"1":6,"2":6,"3":6,"4":6,"5":6,"6":6},"f":{},"b":{}}
,"C:\\Users\\untea\\Desktop\\MPP\\happening-app\\backend\\src\\validators\\comment.validator.ts": {"path":"C:\\Users\\untea\\Desktop\\MPP\\happening-app\\backend\\src\\validators\\comment.validator.ts","statementMap":{"0":{"start":{"line":9,"column":0},"end":{"line":9,"column":16}},"1":{"start":{"line":10,"column":44},"end":{"line":10,"column":46}},"2":{"start":{"line":12,"column":4},"end":{"line":14,"column":5}},"3":{"start":{"line":13,"column":8},"end":{"line":13,"column":54}},"4":{"start":{"line":16,"column":4},"end":{"line":18,"column":5}},"5":{"start":{"line":17,"column":8},"end":{"line":17,"column":46}},"6":{"start":{"line":20,"column":4},"end":{"line":22,"column":5}},"7":{"start":{"line":21,"column":8},"end":{"line":21,"column":48}},"8":{"start":{"line":24,"column":4},"end":{"line":24,"column":18}}},"fnMap":{"0":{"name":"validateCommentInput","decl":{"start":{"line":9,"column":16},"end":{"line":9,"column":36}},"loc":{"start":{"line":9,"column":66},"end":{"line":25,"column":1}}}},"branchMap":{"0":{"loc":{"start":{"line":12,"column":4},"end":{"line":14,"column":5}},"type":"if","locations":[{"start":{"line":12,"column":4},"end":{"line":14,"column":5}},{"start":{},"end":{}}]},"1":{"loc":{"start":{"line":12,"column":8},"end":{"line":12,"column":63}},"type":"binary-expr","locations":[{"start":{"line":12,"column":8},"end":{"line":12,"column":23}},{"start":{"line":12,"column":27},"end":{"line":12,"column":63}}]},"2":{"loc":{"start":{"line":16,"column":4},"end":{"line":18,"column":5}},"type":"if","locations":[{"start":{"line":16,"column":4},"end":{"line":18,"column":5}},{"start":{},"end":{}}]},"3":{"loc":{"start":{"line":16,"column":8},"end":{"line":16,"column":47}},"type":"binary-expr","locations":[{"start":{"line":16,"column":8},"end":{"line":16,"column":22}},{"start":{"line":16,"column":26},"end":{"line":16,"column":47}}]},"4":{"loc":{"start":{"line":20,"column":4},"end":{"line":22,"column":5}},"type":"if","locations":[{"start":{"line":20,"column":4},"end":{"line":22,"column":5}},{"start":{},"end":{}}]},"5":{"loc":{"start":{"line":20,"column":8},"end":{"line":20,"column":49}},"type":"binary-expr","locations":[{"start":{"line":20,"column":8},"end":{"line":20,"column":23}},{"start":{"line":20,"column":27},"end":{"line":20,"column":49}}]}},"s":{"0":7,"1":9,"2":9,"3":2,"4":9,"5":3,"6":9,"7":3,"8":9},"f":{"0":9},"b":{"0":[2,7],"1":[9,7],"2":[3,6],"3":[9,7],"4":[3,6],"5":[9,7]}}
,"C:\\Users\\untea\\Desktop\\MPP\\happening-app\\backend\\src\\validators\\event.validator.ts": {"path":"C:\\Users\\untea\\Desktop\\MPP\\happening-app\\backend\\src\\validators\\event.validator.ts","statementMap":{"0":{"start":{"line":13,"column":0},"end":{"line":13,"column":16}},"1":{"start":{"line":14,"column":36},"end":{"line":14,"column":38}},"2":{"start":{"line":16,"column":4},"end":{"line":18,"column":5}},"3":{"start":{"line":17,"column":8},"end":{"line":17,"column":44}},"4":{"start":{"line":20,"column":4},"end":{"line":22,"column":5}},"5":{"start":{"line":21,"column":8},"end":{"line":21,"column":50}},"6":{"start":{"line":24,"column":4},"end":{"line":26,"column":5}},"7":{"start":{"line":25,"column":8},"end":{"line":25,"column":42}},"8":{"start":{"line":28,"column":4},"end":{"line":30,"column":5}},"9":{"start":{"line":29,"column":8},"end":{"line":29,"column":50}},"10":{"start":{"line":32,"column":4},"end":{"line":34,"column":5}},"11":{"start":{"line":33,"column":8},"end":{"line":33,"column":44}},"12":{"start":{"line":36,"column":4},"end":{"line":38,"column":5}},"13":{"start":{"line":37,"column":8},"end":{"line":37,"column":51}},"14":{"start":{"line":40,"column":4},"end":{"line":42,"column":5}},"15":{"start":{"line":41,"column":8},"end":{"line":41,"column":56}},"16":{"start":{"line":44,"column":4},"end":{"line":75,"column":5}},"17":{"start":{"line":45,"column":28},"end":{"line":45,"column":55}},"18":{"start":{"line":46,"column":22},"end":{"line":46,"column":59}},"19":{"start":{"line":48,"column":8},"end":{"line":74,"column":9}},"20":{"start":{"line":49,"column":12},"end":{"line":49,"column":87}},"21":{"start":{"line":51,"column":24},"end":{"line":51,"column":40}},"22":{"start":{"line":52,"column":26},"end":{"line":52,"column":46}},"23":{"start":{"line":53,"column":25},"end":{"line":53,"column":41}},"24":{"start":{"line":55,"column":12},"end":{"line":73,"column":13}},"25":{"start":{"line":56,"column":16},"end":{"line":56,"column":65}},"26":{"start":{"line":58,"column":32},"end":{"line":58,"column":70}},"27":{"start":{"line":60,"column":16},"end":{"line":72,"column":17}},"28":{"start":{"line":61,"column":20},"end":{"line":61,"column":81}},"29":{"start":{"line":63,"column":38},"end":{"line":63,"column":64}},"30":{"start":{"line":64,"column":20},"end":{"line":64,"column":51}},"31":{"start":{"line":66,"column":34},"end":{"line":66,"column":44}},"32":{"start":{"line":67,"column":20},"end":{"line":67,"column":47}},"33":{"start":{"line":69,"column":20},"end":{"line":71,"column":21}},"34":{"start":{"line":70,"column":24},"end":{"line":70,"column":68}},"35":{"start":{"line":77,"column":4},"end":{"line":77,"column":18}}},"fnMap":{"0":{"name":"validateEventInput","decl":{"start":{"line":13,"column":16},"end":{"line":13,"column":34}},"loc":{"start":{"line":13,"column":62},"end":{"line":78,"column":1}}}},"branchMap":{"0":{"loc":{"start":{"line":16,"column":4},"end":{"line":18,"column":5}},"type":"if","locations":[{"start":{"line":16,"column":4},"end":{"line":18,"column":5}},{"start":{},"end":{}}]},"1":{"loc":{"start":{"line":16,"column":8},"end":{"line":16,"column":45}},"type":"binary-expr","locations":[{"start":{"line":16,"column":8},"end":{"line":16,"column":21}},{"start":{"line":16,"column":25},"end":{"line":16,"column":45}}]},"2":{"loc":{"start":{"line":20,"column":4},"end":{"line":22,"column":5}},"type":"if","locations":[{"start":{"line":20,"column":4},"end":{"line":22,"column":5}},{"start":{},"end":{}}]},"3":{"loc":{"start":{"line":20,"column":8},"end":{"line":20,"column":51}},"type":"binary-expr","locations":[{"start":{"line":20,"column":8},"end":{"line":20,"column":24}},{"start":{"line":20,"column":28},"end":{"line":20,"column":51}}]},"4":{"loc":{"start":{"line":24,"column":4},"end":{"line":26,"column":5}},"type":"if","locations":[{"start":{"line":24,"column":4},"end":{"line":26,"column":5}},{"start":{},"end":{}}]},"5":{"loc":{"start":{"line":24,"column":8},"end":{"line":24,"column":43}},"type":"binary-expr","locations":[{"start":{"line":24,"column":8},"end":{"line":24,"column":20}},{"start":{"line":24,"column":24},"end":{"line":24,"column":43}}]},"6":{"loc":{"start":{"line":28,"column":4},"end":{"line":30,"column":5}},"type":"if","locations":[{"start":{"line":28,"column":4},"end":{"line":30,"column":5}},{"start":{},"end":{}}]},"7":{"loc":{"start":{"line":28,"column":8},"end":{"line":28,"column":51}},"type":"binary-expr","locations":[{"start":{"line":28,"column":8},"end":{"line":28,"column":24}},{"start":{"line":28,"column":28},"end":{"line":28,"column":51}}]},"8":{"loc":{"start":{"line":32,"column":4},"end":{"line":34,"column":5}},"type":"if","locations":[{"start":{"line":32,"column":4},"end":{"line":34,"column":5}},{"start":{},"end":{}}]},"9":{"loc":{"start":{"line":32,"column":8},"end":{"line":32,"column":45}},"type":"binary-expr","locations":[{"start":{"line":32,"column":8},"end":{"line":32,"column":21}},{"start":{"line":32,"column":25},"end":{"line":32,"column":45}}]},"10":{"loc":{"start":{"line":36,"column":4},"end":{"line":38,"column":5}},"type":"if","locations":[{"start":{"line":36,"column":4},"end":{"line":38,"column":5}},{"start":{},"end":{}}]},"11":{"loc":{"start":{"line":36,"column":8},"end":{"line":36,"column":51}},"type":"binary-expr","locations":[{"start":{"line":36,"column":8},"end":{"line":36,"column":24}},{"start":{"line":36,"column":28},"end":{"line":36,"column":51}}]},"12":{"loc":{"start":{"line":40,"column":4},"end":{"line":42,"column":5}},"type":"if","locations":[{"start":{"line":40,"column":4},"end":{"line":42,"column":5}},{"start":{},"end":{}}]},"13":{"loc":{"start":{"line":40,"column":8},"end":{"line":40,"column":57}},"type":"binary-expr","locations":[{"start":{"line":40,"column":8},"end":{"line":40,"column":27}},{"start":{"line":40,"column":31},"end":{"line":40,"column":57}}]},"14":{"loc":{"start":{"line":44,"column":4},"end":{"line":75,"column":5}},"type":"if","locations":[{"start":{"line":44,"column":4},"end":{"line":75,"column":5}},{"start":{},"end":{}}]},"15":{"loc":{"start":{"line":44,"column":8},"end":{"line":44,"column":41}},"type":"binary-expr","locations":[{"start":{"line":44,"column":8},"end":{"line":44,"column":19}},{"start":{"line":44,"column":23},"end":{"line":44,"column":41}}]},"16":{"loc":{"start":{"line":48,"column":8},"end":{"line":74,"column":9}},"type":"if","locations":[{"start":{"line":48,"column":8},"end":{"line":74,"column":9}},{"start":{"line":50,"column":15},"end":{"line":74,"column":9}}]},"17":{"loc":{"start":{"line":55,"column":12},"end":{"line":73,"column":13}},"type":"if","locations":[{"start":{"line":55,"column":12},"end":{"line":73,"column":13}},{"start":{"line":57,"column":19},"end":{"line":73,"column":13}}]},"18":{"loc":{"start":{"line":55,"column":16},"end":{"line":55,"column":39}},"type":"binary-expr","locations":[{"start":{"line":55,"column":16},"end":{"line":55,"column":25}},{"start":{"line":55,"column":29},"end":{"line":55,"column":39}}]},"19":{"loc":{"start":{"line":60,"column":16},"end":{"line":72,"column":17}},"type":"if","locations":[{"start":{"line":60,"column":16},"end":{"line":72,"column":17}},{"start":{"line":62,"column":23},"end":{"line":72,"column":17}}]},"20":{"loc":{"start":{"line":60,"column":20},"end":{"line":60,"column":44}},"type":"binary-expr","locations":[{"start":{"line":60,"column":20},"end":{"line":60,"column":27}},{"start":{"line":60,"column":31},"end":{"line":60,"column":44}}]},"21":{"loc":{"start":{"line":69,"column":20},"end":{"line":71,"column":21}},"type":"if","locations":[{"start":{"line":69,"column":20},"end":{"line":71,"column":21}},{"start":{},"end":{}}]}},"s":{"0":7,"1":17,"2":17,"3":2,"4":17,"5":1,"6":17,"7":1,"8":17,"9":1,"10":17,"11":1,"12":17,"13":1,"14":17,"15":1,"16":17,"17":16,"18":16,"19":16,"20":1,"21":15,"22":15,"23":15,"24":15,"25":1,"26":14,"27":14,"28":1,"29":13,"30":13,"31":13,"32":13,"33":13,"34":1,"35":17},"f":{"0":17},"b":{"0":[2,15],"1":[17,15],"2":[1,16],"3":[17,16],"4":[1,16],"5":[17,16],"6":[1,16],"7":[17,16],"8":[1,16],"9":[17,16],"10":[1,16],"11":[17,16],"12":[1,16],"13":[17,16],"14":[16,1],"15":[17,16],"16":[1,15],"17":[1,14],"18":[15,15],"19":[1,13],"20":[14,14],"21":[1,12]}}
}
