TN:
SF:src\app.ts
FN:11,(anonymous_1)
FNF:1
FNH:0
FNDA:0,(anonymous_1)
DA:1,2
DA:2,2
DA:3,2
DA:4,2
DA:6,2
DA:8,2
DA:9,2
DA:11,2
DA:12,0
DA:15,2
DA:16,2
DA:18,2
LF:12
LH:11
BRF:0
BRH:0
end_of_record
TN:
SF:src\controllers\events.controller.ts
FN:6,(anonymous_0)
FN:24,(anonymous_1)
FN:26,(anonymous_2)
FN:35,(anonymous_3)
FN:44,(anonymous_4)
FN:67,(anonymous_5)
FN:69,(anonymous_6)
FN:83,(anonymous_7)
FN:108,(anonymous_8)
FN:110,(anonymous_9)
FN:116,(anonymous_10)
FNF:11
FNH:11
FNDA:1,(anonymous_0)
FNDA:2,(anonymous_1)
FNDA:26,(anonymous_2)
FNDA:3,(anonymous_3)
FNDA:26,(anonymous_4)
FNDA:3,(anonymous_5)
FNDA:27,(anonymous_6)
FNDA:27,(anonymous_7)
FNDA:2,(anonymous_8)
FNDA:26,(anonymous_9)
FNDA:25,(anonymous_10)
DA:2,2
DA:4,2
DA:6,2
DA:7,1
DA:8,1
DA:10,1
DA:11,1
DA:13,1
DA:15,1
DA:24,2
DA:25,2
DA:26,26
DA:28,2
DA:29,1
DA:32,1
DA:35,2
DA:36,3
DA:38,3
DA:39,3
DA:40,1
DA:43,2
DA:44,26
DA:47,2
DA:48,1
DA:51,1
DA:62,1
DA:64,1
DA:67,2
DA:68,3
DA:69,27
DA:71,3
DA:72,1
DA:75,2
DA:77,2
DA:78,2
DA:79,0
DA:82,2
DA:84,27
DA:88,2
DA:89,1
DA:92,1
DA:103,1
DA:105,1
DA:108,2
DA:109,2
DA:110,26
DA:112,2
DA:113,1
DA:116,25
DA:117,1
DA:119,1
LF:51
LH:50
BRDA:7,0,0,1
BRDA:7,0,1,0
BRDA:8,1,0,1
BRDA:8,1,1,0
BRDA:28,2,0,1
BRDA:28,2,1,1
BRDA:39,3,0,1
BRDA:39,3,1,2
BRDA:47,4,0,1
BRDA:47,4,1,1
BRDA:71,5,0,1
BRDA:71,5,1,2
BRDA:78,6,0,0
BRDA:78,6,1,2
BRDA:84,7,0,27
BRDA:84,7,1,25
BRDA:88,8,0,1
BRDA:88,8,1,1
BRDA:112,9,0,1
BRDA:112,9,1,1
BRF:20
BRH:17
end_of_record
TN:
SF:src\controllers\stats.controller.ts
FN:4,(anonymous_0)
FN:5,(anonymous_1)
FN:10,(anonymous_2)
FN:18,(anonymous_3)
FN:19,(anonymous_4)
FNF:5
FNH:5
FNDA:1,(anonymous_0)
FNDA:25,(anonymous_1)
FNDA:12,(anonymous_2)
FNDA:1,(anonymous_3)
FNDA:25,(anonymous_4)
DA:2,2
DA:4,2
DA:5,1
DA:6,25
DA:7,25
DA:10,12
DA:15,1
DA:18,2
DA:19,25
DA:20,1
DA:22,1
LF:11
LH:11
BRDA:6,0,0,25
BRDA:6,0,1,12
BRF:2
BRH:2
end_of_record
TN:
SF:src\routes\events.routes.ts
FNF:0
FNH:0
DA:1,2
DA:2,2
DA:10,2
DA:12,2
DA:13,2
DA:14,2
DA:15,2
DA:16,2
DA:18,2
LF:9
LH:9
BRF:0
BRH:0
end_of_record
TN:
SF:src\routes\stats.routes.ts
FNF:0
FNH:0
DA:1,2
DA:2,2
DA:4,2
DA:6,2
DA:7,2
DA:9,2
LF:6
LH:6
BRF:0
BRH:0
end_of_record
TN:
SF:src\validators\event.validator.ts
FN:13,validateEventInput
FNF:1
FNH:1
FNDA:17,validateEventInput
DA:13,3
DA:14,17
DA:16,17
DA:17,2
DA:20,17
DA:21,1
DA:24,17
DA:25,1
DA:28,17
DA:29,1
DA:32,17
DA:33,1
DA:36,17
DA:37,1
DA:40,17
DA:41,1
DA:44,17
DA:45,16
DA:46,16
DA:48,16
DA:49,1
DA:51,15
DA:52,15
DA:53,15
DA:55,15
DA:56,1
DA:58,14
DA:60,14
DA:61,1
DA:63,13
DA:64,13
DA:66,13
DA:67,13
DA:69,13
DA:70,1
DA:77,17
LF:36
LH:36
BRDA:16,0,0,2
BRDA:16,0,1,15
BRDA:16,1,0,17
BRDA:16,1,1,15
BRDA:20,2,0,1
BRDA:20,2,1,16
BRDA:20,3,0,17
BRDA:20,3,1,16
BRDA:24,4,0,1
BRDA:24,4,1,16
BRDA:24,5,0,17
BRDA:24,5,1,16
BRDA:28,6,0,1
BRDA:28,6,1,16
BRDA:28,7,0,17
BRDA:28,7,1,16
BRDA:32,8,0,1
BRDA:32,8,1,16
BRDA:32,9,0,17
BRDA:32,9,1,16
BRDA:36,10,0,1
BRDA:36,10,1,16
BRDA:36,11,0,17
BRDA:36,11,1,16
BRDA:40,12,0,1
BRDA:40,12,1,16
BRDA:40,13,0,17
BRDA:40,13,1,16
BRDA:44,14,0,16
BRDA:44,14,1,1
BRDA:44,15,0,17
BRDA:44,15,1,16
BRDA:48,16,0,1
BRDA:48,16,1,15
BRDA:55,17,0,1
BRDA:55,17,1,14
BRDA:55,18,0,15
BRDA:55,18,1,15
BRDA:60,19,0,1
BRDA:60,19,1,13
BRDA:60,20,0,14
BRDA:60,20,1,14
BRDA:69,21,0,1
BRDA:69,21,1,12
BRF:44
BRH:44
end_of_record
