TN:
SF:src\app.ts
FNF:0
FNH:0
DA:1,6
DA:2,6
DA:3,6
DA:4,6
DA:5,6
DA:6,6
DA:7,6
DA:8,6
DA:9,6
DA:10,6
DA:12,6
DA:14,6
DA:15,6
DA:17,6
DA:18,6
DA:19,6
DA:20,6
DA:21,6
DA:22,6
DA:23,6
DA:24,6
DA:26,6
LF:22
LH:22
BRF:0
BRH:0
end_of_record
TN:
SF:src\controllers\auth.controller.ts
FN:7,(anonymous_1)
FN:73,(anonymous_2)
FN:77,(anonymous_3)
FN:79,(anonymous_4)
FN:119,(anonymous_5)
FN:190,(anonymous_6)
FN:194,(anonymous_7)
FN:196,(anonymous_8)
FNF:8
FNH:8
FNDA:8,(anonymous_1)
FNDA:5,(anonymous_2)
FNDA:5,(anonymous_3)
FNDA:92,(anonymous_4)
FNDA:4,(anonymous_5)
FNDA:1,(anonymous_6)
FNDA:1,(anonymous_7)
FNDA:10,(anonymous_8)
DA:2,6
DA:3,6
DA:4,6
DA:5,6
DA:7,6
DA:8,8
DA:9,8
DA:11,8
DA:12,1
DA:18,1
DA:23,7
DA:44,7
DA:45,1
DA:51,1
DA:56,6
DA:58,6
DA:59,1
DA:68,1
DA:73,5
DA:75,5
DA:78,5
DA:79,92
DA:85,5
DA:94,5
DA:101,5
DA:112,0
DA:119,6
DA:120,4
DA:121,4
DA:123,4
DA:124,1
DA:129,3
DA:130,1
DA:135,2
DA:141,2
DA:142,1
DA:147,1
DA:153,1
DA:154,0
DA:159,1
DA:161,1
DA:190,1
DA:192,1
DA:195,1
DA:196,10
DA:202,1
DA:211,1
DA:218,1
DA:229,0
LF:49
LH:46
BRDA:11,0,0,1
BRDA:11,0,1,7
BRDA:11,1,0,8
BRDA:11,1,1,8
BRDA:44,2,0,1
BRDA:44,2,1,6
BRDA:58,3,0,1
BRDA:58,3,1,5
BRDA:123,4,0,1
BRDA:123,4,1,3
BRDA:123,5,0,4
BRDA:123,5,1,3
BRDA:123,5,2,3
BRDA:129,6,0,1
BRDA:129,6,1,2
BRDA:141,7,0,1
BRDA:141,7,1,1
BRDA:153,8,0,0
BRDA:153,8,1,1
BRF:19
BRH:18
end_of_record
TN:
SF:src\controllers\categories.controller.ts
FN:4,(anonymous_0)
FN:21,(anonymous_1)
FN:45,(anonymous_2)
FN:65,(anonymous_3)
FN:87,(anonymous_4)
FNF:5
FNH:5
FNDA:2,(anonymous_0)
FNDA:2,(anonymous_1)
FNDA:3,(anonymous_2)
FNDA:1,(anonymous_3)
FNDA:1,(anonymous_4)
DA:2,6
DA:4,6
DA:5,2
DA:6,2
DA:12,2
DA:14,0
DA:21,6
DA:22,2
DA:23,2
DA:25,2
DA:32,2
DA:33,1
DA:36,1
DA:38,0
DA:45,6
DA:46,3
DA:47,3
DA:49,3
DA:56,3
DA:58,0
DA:65,6
DA:66,1
DA:67,1
DA:68,1
DA:70,1
DA:78,1
DA:80,0
DA:87,6
DA:88,1
DA:89,1
DA:91,1
DA:95,1
DA:99,0
LF:33
LH:28
BRDA:32,0,0,1
BRDA:32,0,1,1
BRF:2
BRH:2
end_of_record
TN:
SF:src\controllers\chat.controller.ts
FN:6,getRequestUserId
FN:10,(anonymous_1)
FN:22,(anonymous_2)
FN:40,(anonymous_3)
FNF:4
FNH:0
FNDA:0,getRequestUserId
FNDA:0,(anonymous_1)
FNDA:0,(anonymous_2)
FNDA:0,(anonymous_3)
DA:2,6
DA:3,6
DA:4,6
DA:7,0
DA:10,6
DA:11,0
DA:12,0
DA:13,0
DA:15,0
DA:20,0
DA:22,0
DA:31,0
DA:33,0
DA:40,6
DA:41,0
DA:42,0
DA:44,0
DA:48,0
DA:50,0
DA:59,0
DA:63,0
DA:67,0
LF:22
LH:5
BRDA:7,0,0,0
BRDA:7,0,1,0
BRDA:12,1,0,0
BRDA:12,1,1,0
BRDA:13,2,0,0
BRDA:13,2,1,0
BRDA:42,3,0,0
BRDA:42,3,1,0
BRF:8
BRH:0
end_of_record
TN:
SF:src\controllers\comments.controller.ts
FN:8,formatComment
FN:18,getRequestUserId
FN:22,(anonymous_2)
FN:55,(anonymous_3)
FN:112,(anonymous_4)
FNF:5
FNH:5
FNDA:4,formatComment
FNDA:5,getRequestUserId
FNDA:2,(anonymous_2)
FNDA:4,(anonymous_3)
FNDA:2,(anonymous_4)
DA:2,6
DA:4,6
DA:5,6
DA:6,6
DA:9,4
DA:19,5
DA:22,6
DA:23,2
DA:24,2
DA:26,2
DA:30,2
DA:31,1
DA:34,1
DA:46,1
DA:48,0
DA:55,6
DA:56,4
DA:57,4
DA:59,4
DA:60,0
DA:65,4
DA:67,4
DA:69,4
DA:70,1
DA:73,3
DA:79,3
DA:80,1
DA:83,2
DA:94,2
DA:103,2
DA:105,0
DA:112,6
DA:113,2
DA:114,2
DA:116,2
DA:122,2
DA:123,1
DA:126,1
DA:132,1
DA:134,1
DA:143,1
DA:144,1
DA:147,1
DA:149,0
LF:44
LH:40
BRDA:19,0,0,5
BRDA:19,0,1,0
BRDA:30,1,0,1
BRDA:30,1,1,1
BRDA:59,2,0,0
BRDA:59,2,1,4
BRDA:69,3,0,1
BRDA:69,3,1,3
BRDA:79,4,0,1
BRDA:79,4,1,2
BRDA:122,5,0,1
BRDA:122,5,1,1
BRDA:143,6,0,1
BRDA:143,6,1,0
BRF:14
BRH:11
end_of_record
TN:
SF:src\controllers\events.controller.ts
FN:8,formatDate
FN:16,parseDate
FN:25,formatPrice
FN:33,parsePrice
FN:50,formatComment
FN:60,formatEvent
FN:73,getRequestUserId
FN:77,(anonymous_7)
FN:160,(anonymous_8)
FN:202,(anonymous_9)
FN:285,(anonymous_10)
FN:375,(anonymous_11)
FNF:12
FNH:12
FNDA:13,formatDate
FNDA:2,parseDate
FNDA:13,formatPrice
FNDA:4,parsePrice
FNDA:2,formatComment
FNDA:13,formatEvent
FNDA:5,getRequestUserId
FNDA:1,(anonymous_7)
FNDA:2,(anonymous_8)
FNDA:3,(anonymous_9)
FNDA:3,(anonymous_10)
FNDA:2,(anonymous_11)
DA:2,6
DA:4,6
DA:5,6
DA:6,6
DA:9,13
DA:10,13
DA:11,13
DA:13,13
DA:17,2
DA:18,2
DA:19,2
DA:22,0
DA:26,13
DA:27,5
DA:30,8
DA:34,4
DA:35,0
DA:38,4
DA:39,0
DA:42,4
DA:43,1
DA:46,3
DA:47,3
DA:51,2
DA:61,13
DA:74,5
DA:77,6
DA:78,1
DA:79,1
DA:80,1
DA:82,1
DA:83,1
DA:84,1
DA:85,1
DA:88,1
DA:92,1
DA:94,1
DA:127,1
DA:145,1
DA:153,0
DA:160,6
DA:161,2
DA:162,2
DA:164,2
DA:186,2
DA:187,1
DA:190,1
DA:195,0
DA:202,6
DA:203,3
DA:204,3
DA:206,3
DA:207,0
DA:212,3
DA:214,3
DA:215,3
DA:216,1
DA:219,2
DA:221,2
DA:222,0
DA:227,2
DA:236,2
DA:237,1
DA:240,1
DA:251,1
DA:267,1
DA:276,1
DA:278,0
DA:285,6
DA:286,3
DA:287,3
DA:289,3
DA:293,3
DA:294,1
DA:297,2
DA:299,2
DA:300,2
DA:301,0
DA:304,2
DA:306,2
DA:307,0
DA:312,2
DA:324,2
DA:325,1
DA:328,1
DA:339,1
DA:355,1
DA:357,1
DA:366,1
DA:368,0
DA:375,6
DA:376,2
DA:377,2
DA:379,2
DA:383,2
DA:384,1
DA:387,1
DA:391,1
DA:393,1
DA:402,1
DA:403,1
DA:406,1
DA:408,0
LF:103
LH:91
BRDA:17,0,0,2
BRDA:17,0,1,0
BRDA:26,1,0,5
BRDA:26,1,1,8
BRDA:34,2,0,0
BRDA:34,2,1,4
BRDA:38,3,0,0
BRDA:38,3,1,4
BRDA:42,4,0,1
BRDA:42,4,1,3
BRDA:54,5,0,2
BRDA:54,5,1,0
BRDA:69,6,0,13
BRDA:69,6,1,0
BRDA:74,7,0,5
BRDA:74,7,1,0
BRDA:79,8,0,1
BRDA:79,8,1,0
BRDA:80,9,0,1
BRDA:80,9,1,0
BRDA:85,10,0,0
BRDA:85,10,1,1
BRDA:88,11,0,0
BRDA:88,11,1,1
BRDA:95,12,0,0
BRDA:95,12,1,1
BRDA:102,13,0,0
BRDA:102,13,1,1
BRDA:111,14,0,0
BRDA:111,14,1,1
BRDA:119,15,0,0
BRDA:119,15,1,1
BRDA:119,16,0,1
BRDA:119,16,1,1
BRDA:186,17,0,1
BRDA:186,17,1,1
BRDA:206,18,0,0
BRDA:206,18,1,3
BRDA:215,19,0,1
BRDA:215,19,1,2
BRDA:221,20,0,0
BRDA:221,20,1,2
BRDA:236,21,0,1
BRDA:236,21,1,1
BRDA:293,22,0,1
BRDA:293,22,1,2
BRDA:300,23,0,0
BRDA:300,23,1,2
BRDA:306,24,0,0
BRDA:306,24,1,2
BRDA:324,25,0,1
BRDA:324,25,1,1
BRDA:383,26,0,1
BRDA:383,26,1,1
BRDA:402,27,0,1
BRDA:402,27,1,0
BRF:56
BRH:37
end_of_record
TN:
SF:src\controllers\generator.controller.ts
FN:8,startGeneratorController
FN:13,stopGeneratorController
FN:18,getGeneratorStatusController
FNF:3
FNH:3
FNDA:1,startGeneratorController
FNDA:1,stopGeneratorController
FNDA:1,getGeneratorStatusController
DA:2,6
DA:8,6
DA:9,1
DA:10,1
DA:13,6
DA:14,1
DA:15,1
DA:18,6
DA:19,1
DA:20,1
LF:10
LH:10
BRF:0
BRH:0
end_of_record
TN:
SF:src\controllers\logs.controller.ts
FN:4,(anonymous_0)
FN:24,(anonymous_1)
FN:41,(anonymous_2)
FN:81,(anonymous_3)
FNF:4
FNH:0
FNDA:0,(anonymous_0)
FNDA:0,(anonymous_1)
FNDA:0,(anonymous_2)
FNDA:0,(anonymous_3)
DA:2,6
DA:4,6
DA:5,0
DA:6,0
DA:8,0
DA:15,0
DA:17,0
DA:24,6
DA:25,0
DA:26,0
DA:32,0
DA:34,0
DA:41,6
DA:42,0
DA:43,0
DA:45,0
DA:46,0
DA:51,0
DA:57,0
DA:58,0
DA:63,0
DA:72,0
DA:74,0
DA:81,6
DA:82,0
DA:83,0
DA:85,0
DA:86,0
DA:91,0
DA:97,0
DA:98,0
DA:103,0
DA:112,0
DA:114,0
LF:34
LH:5
BRDA:6,0,0,0
BRDA:6,0,1,0
BRDA:45,1,0,0
BRDA:45,1,1,0
BRDA:57,2,0,0
BRDA:57,2,1,0
BRDA:85,3,0,0
BRDA:85,3,1,0
BRDA:97,4,0,0
BRDA:97,4,1,0
BRF:10
BRH:0
end_of_record
TN:
SF:src\controllers\stats.controller.ts
FN:4,(anonymous_0)
FN:19,(anonymous_1)
FN:33,(anonymous_2)
FN:67,(anonymous_3)
FN:84,(anonymous_4)
FN:107,(anonymous_5)
FN:127,(anonymous_6)
FNF:7
FNH:7
FNDA:1,(anonymous_0)
FNDA:12,(anonymous_1)
FNDA:1,(anonymous_2)
FNDA:1,(anonymous_3)
FNDA:25,(anonymous_4)
FNDA:5,(anonymous_5)
FNDA:2,(anonymous_6)
DA:2,6
DA:4,6
DA:5,1
DA:6,1
DA:19,12
DA:24,1
DA:26,0
DA:33,6
DA:34,1
DA:35,1
DA:41,1
DA:49,1
DA:60,0
DA:67,6
DA:68,1
DA:69,1
DA:71,1
DA:84,25
DA:90,1
DA:107,5
DA:114,1
DA:127,2
DA:133,1
DA:140,0
LF:24
LH:21
BRF:0
BRH:0
end_of_record
TN:
SF:src\routes\auth.routes.ts
FNF:0
FNH:0
DA:1,6
DA:2,6
DA:4,6
DA:6,6
DA:7,6
DA:9,6
LF:6
LH:6
BRF:0
BRH:0
end_of_record
TN:
SF:src\routes\categories.routes.ts
FNF:0
FNH:0
DA:1,6
DA:2,6
DA:10,6
DA:12,6
DA:13,6
DA:14,6
DA:15,6
DA:16,6
DA:18,6
LF:9
LH:9
BRF:0
BRH:0
end_of_record
TN:
SF:src\routes\chat.routes.ts
FNF:0
FNH:0
DA:1,6
DA:2,6
DA:6,6
DA:7,6
DA:9,6
DA:11,6
DA:18,6
DA:25,6
LF:8
LH:8
BRF:0
BRH:0
end_of_record
TN:
SF:src\routes\comments.routes.ts
FNF:0
FNH:0
DA:1,6
DA:2,6
DA:7,6
DA:8,6
DA:10,6
DA:12,6
DA:13,6
DA:20,6
DA:27,6
LF:9
LH:9
BRF:0
BRH:0
end_of_record
TN:
SF:src\routes\events.routes.ts
FNF:0
FNH:0
DA:1,6
DA:2,6
DA:9,6
DA:10,6
DA:12,6
DA:14,6
DA:15,6
DA:17,6
DA:24,6
DA:31,6
DA:37,6
LF:11
LH:11
BRF:0
BRH:0
end_of_record
TN:
SF:src\routes\generator.routes.ts
FNF:0
FNH:0
DA:1,6
DA:2,6
DA:8,6
DA:10,6
DA:11,6
DA:12,6
DA:14,6
LF:7
LH:7
BRF:0
BRH:0
end_of_record
TN:
SF:src\routes\logs.routes.ts
FNF:0
FNH:0
DA:1,6
DA:2,6
DA:8,6
DA:9,6
DA:11,6
DA:13,6
DA:20,6
DA:27,6
DA:34,6
DA:41,6
LF:10
LH:10
BRF:0
BRH:0
end_of_record
TN:
SF:src\routes\stats.routes.ts
FNF:0
FNH:0
DA:1,6
DA:2,6
DA:4,6
DA:6,6
DA:7,6
DA:8,6
DA:10,6
LF:7
LH:7
BRF:0
BRH:0
end_of_record
TN:
SF:src\validators\comment.validator.ts
FN:9,validateCommentInput
FNF:1
FNH:1
FNDA:9,validateCommentInput
DA:9,7
DA:10,9
DA:12,9
DA:13,2
DA:16,9
DA:17,3
DA:20,9
DA:21,3
DA:24,9
LF:9
LH:9
BRDA:12,0,0,2
BRDA:12,0,1,7
BRDA:12,1,0,9
BRDA:12,1,1,7
BRDA:16,2,0,3
BRDA:16,2,1,6
BRDA:16,3,0,9
BRDA:16,3,1,7
BRDA:20,4,0,3
BRDA:20,4,1,6
BRDA:20,5,0,9
BRDA:20,5,1,7
BRF:12
BRH:12
end_of_record
TN:
SF:src\validators\event.validator.ts
FN:13,validateEventInput
FNF:1
FNH:1
FNDA:17,validateEventInput
DA:13,7
DA:14,17
DA:16,17
DA:17,2
DA:20,17
DA:21,1
DA:24,17
DA:25,1
DA:28,17
DA:29,1
DA:32,17
DA:33,1
DA:36,17
DA:37,1
DA:40,17
DA:41,1
DA:44,17
DA:45,16
DA:46,16
DA:48,16
DA:49,1
DA:51,15
DA:52,15
DA:53,15
DA:55,15
DA:56,1
DA:58,14
DA:60,14
DA:61,1
DA:63,13
DA:64,13
DA:66,13
DA:67,13
DA:69,13
DA:70,1
DA:77,17
LF:36
LH:36
BRDA:16,0,0,2
BRDA:16,0,1,15
BRDA:16,1,0,17
BRDA:16,1,1,15
BRDA:20,2,0,1
BRDA:20,2,1,16
BRDA:20,3,0,17
BRDA:20,3,1,16
BRDA:24,4,0,1
BRDA:24,4,1,16
BRDA:24,5,0,17
BRDA:24,5,1,16
BRDA:28,6,0,1
BRDA:28,6,1,16
BRDA:28,7,0,17
BRDA:28,7,1,16
BRDA:32,8,0,1
BRDA:32,8,1,16
BRDA:32,9,0,17
BRDA:32,9,1,16
BRDA:36,10,0,1
BRDA:36,10,1,16
BRDA:36,11,0,17
BRDA:36,11,1,16
BRDA:40,12,0,1
BRDA:40,12,1,16
BRDA:40,13,0,17
BRDA:40,13,1,16
BRDA:44,14,0,16
BRDA:44,14,1,1
BRDA:44,15,0,17
BRDA:44,15,1,16
BRDA:48,16,0,1
BRDA:48,16,1,15
BRDA:55,17,0,1
BRDA:55,17,1,14
BRDA:55,18,0,15
BRDA:55,18,1,15
BRDA:60,19,0,1
BRDA:60,19,1,13
BRDA:60,20,0,14
BRDA:60,20,1,14
BRDA:69,21,0,1
BRDA:69,21,1,12
BRF:44
BRH:44
end_of_record
